#
# A fatal error has been detected by the Java Runtime Environment:
#
#  SIGSEGV (0xb) at pc=0x00007fff98c100dd, pid=69669, tid=1811
#
# JRE version: Java(TM) SE Runtime Environment (8.0_65-b17) (build 1.8.0_65-b17)
# Java VM: Java HotSpot(TM) 64-Bit Server VM (25.65-b01 mixed mode bsd-amd64 compressed oops)
# Problematic frame:
# C  [libobjc.A.dylib+0x10dd]  objc_msgSend+0x1d
#
# Failed to write core dump. Core dumps have been disabled. To enable core dumping, try "ulimit -c unlimited" before starting Java again
#
# If you would like to submit a bug report, please visit:
#   http://bugreport.java.com/bugreport/crash.jsp
# The crash happened outside the Java Virtual Machine in native code.
# See problematic frame for where to report the bug.
#

---------------  T H R E A D  ---------------

Current thread (0x00007f84c50ee000):  JavaThread "AWT-AppKit" daemon [_thread_in_native, id=1811, stack(0x00007fff53cf7000,0x00007fff544f7000)]

siginfo: si_signo: 11 (SIGSEGV), si_code: 1 (SEGV_MAPERR), si_addr: 0x0000000000000018

Registers:
RAX=0x00007f84c8267a70, RBX=0x00000001747b3450, RCX=0x0000000128f88180, RDX=0x0000000127ef9100
RSP=0x00007fff544f21c8, RBP=0x00007fff544f2280, RSI=0x00007fff9210f40f, RDI=0x00007f84c8265e70
R8 =0x0000000000000000, R9 =0x0000000000000f50, R10=0x00007fff9210f40f, R11=0x0000000000000000
R12=0x0000000000000000, R13=0x0000000176604708, R14=0x00000001747b3440, R15=0x00007f84c50ee000
RIP=0x00007fff98c100dd, EFLAGS=0x0000000000010246, ERR=0x0000000000000004
  TRAPNO=0x000000000000000e

Top of Stack: (sp=0x00007fff544f21c8)
0x00007fff544f21c8:   00000001747b1157 00007fff544f2220
0x00007fff544f21d8:   0000000000000003 00007fff544f2200
0x00007fff544f21e8:   000000010b9f99a6 0000000176604708
0x00007fff544f21f8:   0000000176604708 00007f84c8267a70
0x00007fff544f2208:   00000001747b36a0 00000001747b3710
0x00007fff544f2218:   00007fff7dfe7550 00007fff7e22cc80
0x00007fff544f2228:   00000001747b3450 00000001747b3690
0x00007fff544f2238:   00007f84c8267a70 00007f84c8265e70
0x00007fff544f2248:   00007f84c3e58780 00007f84c8267a70
0x00007fff544f2258:   00007f84c8265e70 00007fff544f2308
0x00007fff544f2268:   00007f84c50ee1f8 0000000176604708
0x00007fff544f2278:   00007fff544f2330 00007fff544f22f8
0x00007fff544f2288:   000000010c8ff954 0000000176604708
0x00007fff544f2298:   00007fff544f2330 00007fff544f22f8
0x00007fff544f22a8:   000000010c8ff6e7 000000010c8ff6a2
0x00007fff544f22b8:   00007fff544f22b8 0000000176604708
0x00007fff544f22c8:   00007fff544f2330 0000000176605eb8
0x00007fff544f22d8:   0000000000000000 0000000176604708
0x00007fff544f22e8:   0000000000000000 00007fff544f2318
0x00007fff544f22f8:   00007fff544f2378 000000010c8f1c4d
0x00007fff544f2308:   0000000780498240 000000010c8f9578
0x00007fff544f2318:   00007f84c8267a70 00007fff544f2378
0x00007fff544f2328:   00007f84c8265e70 000000010c8fad82
0x00007fff544f2338:   00007fff544f2338 00000001766048d2
0x00007fff544f2348:   00007fff544f23a0 0000000176605eb8
0x00007fff544f2358:   0000000000000000 00000001766048e0
0x00007fff544f2368:   00007fff544f2318 00007fff544f2388
0x00007fff544f2378:   00007fff544f23e8 000000010c8f1c4d
0x00007fff544f2388:   00007f84c8267a70 00000007807c71c8
0x00007fff544f2398:   00007f84c8265e70 00000007807c71c8
0x00007fff544f23a8:   00007fff544f23a8 000000017cdbb72e
0x00007fff544f23b8:   00007fff544f23f8 000000017cdbb7e8 

Instructions: (pc=0x00007fff98c100dd)
0x00007fff98c100bd:   00 00 00 48 85 ff 2e 74 7a 40 f6 c7 01 2e 75 7e
0x00007fff98c100cd:   49 bb f8 ff ff ff ff 7f 00 00 4c 23 1f 49 89 f2
0x00007fff98c100dd:   45 23 53 18 49 c1 e2 04 4d 03 53 10 49 3b 32 75
0x00007fff98c100ed:   04 41 ff 62 08 49 83 3a 00 74 6a 4d 3b 53 10 74 

Register to memory mapping:

RAX=0x00007f84c8267a70 is an unknown value
RBX=0x00000001747b3450: Java_jogamp_nativewindow_macosx_OSXUtil_GetScreenRefreshRate0+0x1cf0 in /private/var/folders/33/xjzsj90x7bq7f8hjssg9rbfh0000gn/T/jogamp_0000/file_cache/jln400156736354169317/jln1084870006041783467/libnativewindow_macosx.jnilib at 0x00000001747ac000
RCX=0x0000000128f88180 is an unknown value
RDX=0x0000000127ef9100 is an unknown value
RSP=0x00007fff544f21c8 is pointing into the stack for thread: 0x00007f84c50ee000
RBP=0x00007fff544f2280 is pointing into the stack for thread: 0x00007f84c50ee000
RSI=0x00007fff9210f40f is an unknown value
RDI=0x00007f84c8265e70 is an unknown value
R8 =0x0000000000000000 is an unknown value
R9 =0x0000000000000f50 is an unknown value
R10=0x00007fff9210f40f is an unknown value
R11=0x0000000000000000 is an unknown value
R12=0x0000000000000000 is an unknown value
R13={method} {0x0000000176604708} 'UnsetJAWTRootSurfaceLayer0' '(JJ)V' in 'jogamp/nativewindow/jawt/macosx/MacOSXJAWTWindow'
R14=0x00000001747b3440: Java_jogamp_nativewindow_macosx_OSXUtil_GetScreenRefreshRate0+0x1ce0 in /private/var/folders/33/xjzsj90x7bq7f8hjssg9rbfh0000gn/T/jogamp_0000/file_cache/jln400156736354169317/jln1084870006041783467/libnativewindow_macosx.jnilib at 0x00000001747ac000
R15=0x00007f84c50ee000 is a thread


Stack: [0x00007fff53cf7000,0x00007fff544f7000],  sp=0x00007fff544f21c8,  free space=8172k
Native frames: (J=compiled Java code, j=interpreted, Vv=VM code, C=native code)
C  [libobjc.A.dylib+0x10dd]  objc_msgSend+0x1d
j  jogamp.nativewindow.jawt.macosx.MacOSXJAWTWindow.UnsetJAWTRootSurfaceLayer0(JJ)V+0
j  jogamp.nativewindow.jawt.macosx.MacOSXJAWTWindow.access$200(JJ)V+2
j  jogamp.nativewindow.jawt.macosx.MacOSXJAWTWindow$1.run()V+38
J 2835 C1 com.jogamp.common.util.RunnableTask.run()V (345 bytes) @ 0x000000010d16a7d4 [0x000000010d16a640+0x194]
v  ~StubRoutines::call_stub
V  [libjvm.dylib+0x2eab02]
V  [libjvm.dylib+0x321bab]
V  [libjvm.dylib+0x31437f]
C  [libnativewindow_macosx.jnilib+0x5326]  Java_jogamp_nativewindow_jawt_macosx_MacOSXJAWTWindow_UnsetJAWTRootSurfaceLayer0+0x2b6
C  [Foundation+0x92dd0]  __NSThreadPerformPerform+0x125
C  [CoreFoundation+0x80a01]  __CFRUNLOOP_IS_CALLING_OUT_TO_A_SOURCE0_PERFORM_FUNCTION__+0x11
C  [CoreFoundation+0x72c5c]  __CFRunLoopDoSources0+0x1dc
C  [CoreFoundation+0x721bf]  __CFRunLoopRun+0x39f
C  [CoreFoundation+0x71bd8]  CFRunLoopRunSpecific+0x128
C  [HIToolbox+0x3256f]  RunCurrentEventLoopInMode+0xeb
C  [HIToolbox+0x321ee]  ReceiveNextEventCommon+0xb3
C  [HIToolbox+0x3212b]  _BlockUntilNextEventMatchingListInModeWithFilter+0x47
C  [AppKit+0x918ab]  _DPSNextEvent+0x3d2
C  [AppKit+0x90e58]  -[NSApplication nextEventMatchingMask:untilDate:inMode:dequeue:]+0x15a
C  [libosxapp.dylib+0x23aa]  -[NSApplicationAWT nextEventMatchingMask:untilDate:inMode:dequeue:]+0x7c
C  [AppKit+0x86af3]  -[NSApplication run]+0x252
C  [libosxapp.dylib+0x214d]  +[NSApplicationAWT runAWTLoopWithApp:]+0x9c
C  [libawt_lwawt.dylib+0x44517]  -[AWTStarter starter:]+0x389
C  [Foundation+0x92dd0]  __NSThreadPerformPerform+0x125
C  [CoreFoundation+0x80a01]  __CFRUNLOOP_IS_CALLING_OUT_TO_A_SOURCE0_PERFORM_FUNCTION__+0x11
C  [CoreFoundation+0x72b8d]  __CFRunLoopDoSources0+0x10d
C  [CoreFoundation+0x721bf]  __CFRunLoopRun+0x39f
C  [CoreFoundation+0x71bd8]  CFRunLoopRunSpecific+0x128
C  [java+0x6463]  CreateExecutionEnvironment+0x367
C  [java+0x21ac]  JLI_Launch+0x7a0
C  [java+0x84c0]  main+0x65
C  [java+0x1a04]  start+0x34
C  0x0000000000000007

Java frames: (J=compiled Java code, j=interpreted, Vv=VM code)
j  jogamp.nativewindow.jawt.macosx.MacOSXJAWTWindow.UnsetJAWTRootSurfaceLayer0(JJ)V+0
j  jogamp.nativewindow.jawt.macosx.MacOSXJAWTWindow.access$200(JJ)V+2
j  jogamp.nativewindow.jawt.macosx.MacOSXJAWTWindow$1.run()V+38
J 2835 C1 com.jogamp.common.util.RunnableTask.run()V (345 bytes) @ 0x000000010d16a7d4 [0x000000010d16a640+0x194]
v  ~StubRoutines::call_stub

---------------  P R O C E S S  ---------------

Java Threads: ( => current thread )
  0x00007f84ca12c000 JavaThread "Thread-19" [_thread_blocked, id=23579, stack(0x0000000179522000,0x0000000179622000)]
  0x00007f84ca906800 JavaThread "Keep-Alive-Timer" daemon [_thread_blocked, id=62051, stack(0x00000001793df000,0x00000001794df000)]
  0x00007f84c5340800 JavaThread "AWT-EventQueue-1" [_thread_in_native, id=56339, stack(0x0000000174df2000,0x0000000174ef2000)]
  0x00007f84c5860800 JavaThread "DestroyJavaVM" [_thread_blocked, id=3331, stack(0x000000010c792000,0x000000010c892000)]
  0x00007f84c51a8800 JavaThread "AWT-EventQueue-0" [_thread_blocked, id=53763, stack(0x0000000128e6d000,0x0000000128f6d000)]
  0x00007f84c4a27800 JavaThread "Java2D Disposer" daemon [_thread_blocked, id=50215, stack(0x0000000127c8a000,0x0000000127d8a000)]
  0x00007f84c5924800 JavaThread "Java2D Queue Flusher" daemon [_thread_blocked, id=48399, stack(0x0000000126c76000,0x0000000126d76000)]
  0x00007f84c50fa000 JavaThread "AWT-Shutdown" [_thread_blocked, id=28179, stack(0x00000001242ff000,0x00000001243ff000)]
=>0x00007f84c50ee000 JavaThread "AWT-AppKit" daemon [_thread_in_native, id=1811, stack(0x00007fff53cf7000,0x00007fff544f7000)]
  0x00007f84c503b800 JavaThread "Service Thread" daemon [_thread_blocked, id=17923, stack(0x00000001228bc000,0x00000001229bc000)]
  0x00007f84c5825000 JavaThread "C1 CompilerThread2" daemon [_thread_blocked, id=17411, stack(0x00000001227b9000,0x00000001228b9000)]
  0x00007f84c5038800 JavaThread "C2 CompilerThread1" daemon [_thread_blocked, id=16899, stack(0x00000001226b6000,0x00000001227b6000)]
  0x00007f84c501b800 JavaThread "C2 CompilerThread0" daemon [_thread_blocked, id=16387, stack(0x00000001225b3000,0x00000001226b3000)]
  0x00007f84c501a800 JavaThread "Signal Dispatcher" daemon [_thread_blocked, id=12303, stack(0x00000001224b0000,0x00000001225b0000)]
  0x00007f84c5817000 JavaThread "Finalizer" daemon [_thread_blocked, id=11011, stack(0x0000000120b0e000,0x0000000120c0e000)]
  0x00007f84c5816000 JavaThread "Reference Handler" daemon [_thread_blocked, id=10499, stack(0x0000000120a0b000,0x0000000120b0b000)]

Other Threads:
  0x00007f84c5813800 VMThread [stack: 0x0000000120908000,0x0000000120a08000] [id=9987]
  0x00007f84c5037000 WatcherThread [stack: 0x00000001229bf000,0x0000000122abf000] [id=18435]

VM state:not at safepoint (normal execution)

VM Mutex/Monitor currently owned by a thread: None

Heap:
 PSYoungGen      total 57856K, used 53874K [0x00000007aab00000, 0x00000007aee00000, 0x00000007c0000000)
  eden space 49152K, 95% used [0x00000007aab00000,0x00000007ad8d35e0,0x00000007adb00000)
  from space 8704K, 79% used [0x00000007ae580000,0x00000007aec492f8,0x00000007aee00000)
  to   space 9728K, 0% used [0x00000007adb00000,0x00000007adb00000,0x00000007ae480000)
 ParOldGen       total 37888K, used 16006K [0x0000000780000000, 0x0000000782500000, 0x00000007aab00000)
  object space 37888K, 42% used [0x0000000780000000,0x0000000780fa1ac0,0x0000000782500000)
 Metaspace       used 25332K, capacity 25567K, committed 25728K, reserved 1073152K
  class space    used 2587K, capacity 2676K, committed 2688K, reserved 1048576K

Card table byte_map: [0x000000011c600000,0x000000011c801000] byte_map_base: 0x0000000118a00000

Marking Bits: (ParMarkBitMap*) 0x000000010c0e6e20
 Begin Bits: [0x000000011cc60000, 0x000000011dc60000)
 End Bits:   [0x000000011dc60000, 0x000000011ec60000)

Polling page: 0x000000010c8d7000

CodeCache: size=245760Kb used=9672Kb max_used=9672Kb free=236088Kb
 bounds [0x000000010c8ea000, 0x000000010d27a000, 0x000000011b8ea000]
 total_blobs=3746 nmethods=2813 adapters=846
 compilation: enabled

Compilation events (10 events):
Event: 12.697 Thread 0x00007f84c5825000 3144   !   3       sun.lwawt.LWComponentPeer::isShowing (49 bytes)
Event: 12.699 Thread 0x00007f84c5825000 nmethod 3144 0x000000010d25e010 code [0x000000010d25e1c0, 0x000000010d25eaa8]
Event: 12.715 Thread 0x00007f84c5825000 3145       3       sun.awt.SunToolkit::postEvent (157 bytes)
Event: 12.720 Thread 0x00007f84c5825000 nmethod 3145 0x000000010d267f90 code [0x000000010d268340, 0x000000010d26a788]
Event: 12.720 Thread 0x00007f84c5825000 3146       3       sun.awt.AWTAccessor::getSequencedEventAccessor (4 bytes)
Event: 12.720 Thread 0x00007f84c5825000 nmethod 3146 0x000000010d263b50 code [0x000000010d263ca0, 0x000000010d263df0]
Event: 12.720 Thread 0x00007f84c5825000 3147       1       java.awt.Component::isEnabledImpl (5 bytes)
Event: 12.720 Thread 0x00007f84c5825000 nmethod 3147 0x000000010d263890 code [0x000000010d2639e0, 0x000000010d263af0]
Event: 12.744 Thread 0x00007f84c5825000 3148       1       sun.java2d.SurfaceData::isValid (5 bytes)
Event: 12.744 Thread 0x00007f84c5825000 nmethod 3148 0x000000010d2635d0 code [0x000000010d263720, 0x000000010d263830]

GC Heap History (10 events):
Event: 3.340 GC heap before
{Heap before GC invocations=3 (full 0):
 PSYoungGen      total 18944K, used 18912K [0x00000007aab00000, 0x00000007ad000000, 0x00000007c0000000)
  eden space 16384K, 100% used [0x00000007aab00000,0x00000007abb00000,0x00000007abb00000)
  from space 2560K, 98% used [0x00000007abd80000,0x00000007abff8020,0x00000007ac000000)
  to   space 2560K, 0% used [0x00000007abb00000,0x00000007abb00000,0x00000007abd80000)
 ParOldGen       total 44032K, used 2308K [0x0000000780000000, 0x0000000782b00000, 0x00000007aab00000)
  object space 44032K, 5% used [0x0000000780000000,0x0000000780241368,0x0000000782b00000)
 Metaspace       used 18934K, capacity 19191K, committed 19584K, reserved 1067008K
  class space    used 1960K, capacity 2055K, committed 2176K, reserved 1048576K
Event: 3.351 GC heap after
Heap after GC invocations=3 (full 0):
 PSYoungGen      total 18944K, used 2528K [0x00000007aab00000, 0x00000007ad000000, 0x00000007c0000000)
  eden space 16384K, 0% used [0x00000007aab00000,0x00000007aab00000,0x00000007abb00000)
  from space 2560K, 98% used [0x00000007abb00000,0x00000007abd78050,0x00000007abd80000)
  to   space 2560K, 0% used [0x00000007acd80000,0x00000007acd80000,0x00000007ad000000)
 ParOldGen       total 44032K, used 6875K [0x0000000780000000, 0x0000000782b00000, 0x00000007aab00000)
  object space 44032K, 15% used [0x0000000780000000,0x00000007806b6d40,0x0000000782b00000)
 Metaspace       used 18934K, capacity 19191K, committed 19584K, reserved 1067008K
  class space    used 1960K, capacity 2055K, committed 2176K, reserved 1048576K
}
Event: 3.788 GC heap before
{Heap before GC invocations=4 (full 0):
 PSYoungGen      total 18944K, used 15255K [0x00000007aab00000, 0x00000007ad000000, 0x00000007c0000000)
  eden space 16384K, 77% used [0x00000007aab00000,0x00000007ab76dc38,0x00000007abb00000)
  from space 2560K, 98% used [0x00000007abb00000,0x00000007abd78050,0x00000007abd80000)
  to   space 2560K, 0% used [0x00000007acd80000,0x00000007acd80000,0x00000007ad000000)
 ParOldGen       total 44032K, used 6875K [0x0000000780000000, 0x0000000782b00000, 0x00000007aab00000)
  object space 44032K, 15% used [0x0000000780000000,0x00000007806b6d40,0x0000000782b00000)
 Metaspace       used 20880K, capacity 21105K, committed 21248K, reserved 1069056K
  class space    used 2217K, capacity 2285K, committed 2304K, reserved 1048576K
Event: 3.797 GC heap after
Heap after GC invocations=4 (full 0):
 PSYoungGen      total 35328K, used 2544K [0x00000007aab00000, 0x00000007ad000000, 0x00000007c0000000)
  eden space 32768K, 0% used [0x00000007aab00000,0x00000007aab00000,0x00000007acb00000)
  from space 2560K, 99% used [0x00000007acd80000,0x00000007acffc090,0x00000007ad000000)
  to   space 2560K, 0% used [0x00000007acb00000,0x00000007acb00000,0x00000007acd80000)
 ParOldGen       total 44032K, used 9160K [0x0000000780000000, 0x0000000782b00000, 0x00000007aab00000)
  object space 44032K, 20% used [0x0000000780000000,0x00000007808f22b0,0x0000000782b00000)
 Metaspace       used 20880K, capacity 21105K, committed 21248K, reserved 1069056K
  class space    used 2217K, capacity 2285K, committed 2304K, reserved 1048576K
}
Event: 3.797 GC heap before
{Heap before GC invocations=5 (full 1):
 PSYoungGen      total 35328K, used 2544K [0x00000007aab00000, 0x00000007ad000000, 0x00000007c0000000)
  eden space 32768K, 0% used [0x00000007aab00000,0x00000007aab00000,0x00000007acb00000)
  from space 2560K, 99% used [0x00000007acd80000,0x00000007acffc090,0x00000007ad000000)
  to   space 2560K, 0% used [0x00000007acb00000,0x00000007acb00000,0x00000007acd80000)
 ParOldGen       total 44032K, used 9160K [0x0000000780000000, 0x0000000782b00000, 0x00000007aab00000)
  object space 44032K, 20% used [0x0000000780000000,0x00000007808f22b0,0x0000000782b00000)
 Metaspace       used 20880K, capacity 21105K, committed 21248K, reserved 1069056K
  class space    used 2217K, capacity 2285K, committed 2304K, reserved 1048576K
Event: 3.842 GC heap after
Heap after GC invocations=5 (full 1):
 PSYoungGen      total 35328K, used 0K [0x00000007aab00000, 0x00000007ad000000, 0x00000007c0000000)
  eden space 32768K, 0% used [0x00000007aab00000,0x00000007aab00000,0x00000007acb00000)
  from space 2560K, 0% used [0x00000007acd80000,0x00000007acd80000,0x00000007ad000000)
  to   space 2560K, 0% used [0x00000007acb00000,0x00000007acb00000,0x00000007acd80000)
 ParOldGen       total 37888K, used 9277K [0x0000000780000000, 0x0000000782500000, 0x00000007aab00000)
  object space 37888K, 24% used [0x0000000780000000,0x000000078090f7c8,0x0000000782500000)
 Metaspace       used 20880K, capacity 21105K, committed 21248K, reserved 1069056K
  class space    used 2217K, capacity 2285K, committed 2304K, reserved 1048576K
}
Event: 5.100 GC heap before
{Heap before GC invocations=6 (full 1):
 PSYoungGen      total 35328K, used 32768K [0x00000007aab00000, 0x00000007ad000000, 0x00000007c0000000)
  eden space 32768K, 100% used [0x00000007aab00000,0x00000007acb00000,0x00000007acb00000)
  from space 2560K, 0% used [0x00000007acd80000,0x00000007acd80000,0x00000007ad000000)
  to   space 2560K, 0% used [0x00000007acb00000,0x00000007acb00000,0x00000007acd80000)
 ParOldGen       total 37888K, used 9277K [0x0000000780000000, 0x0000000782500000, 0x00000007aab00000)
  object space 37888K, 24% used [0x0000000780000000,0x000000078090f7c8,0x0000000782500000)
 Metaspace       used 24061K, capacity 24303K, committed 24704K, reserved 1071104K
  class space    used 2528K, capacity 2642K, committed 2688K, reserved 1048576K
Event: 5.113 GC heap after
Heap after GC invocations=6 (full 1):
 PSYoungGen      total 35328K, used 2547K [0x00000007aab00000, 0x00000007aef00000, 0x00000007c0000000)
  eden space 32768K, 0% used [0x00000007aab00000,0x00000007aab00000,0x00000007acb00000)
  from space 2560K, 99% used [0x00000007acb00000,0x00000007acd7cf38,0x00000007acd80000)
  to   space 9728K, 0% used [0x00000007ae580000,0x00000007ae580000,0x00000007aef00000)
 ParOldGen       total 37888K, used 16006K [0x0000000780000000, 0x0000000782500000, 0x00000007aab00000)
  object space 37888K, 42% used [0x0000000780000000,0x0000000780fa1ac0,0x0000000782500000)
 Metaspace       used 24061K, capacity 24303K, committed 24704K, reserved 1071104K
  class space    used 2528K, capacity 2642K, committed 2688K, reserved 1048576K
}
Event: 6.632 GC heap before
{Heap before GC invocations=7 (full 1):
 PSYoungGen      total 35328K, used 35315K [0x00000007aab00000, 0x00000007aef00000, 0x00000007c0000000)
  eden space 32768K, 100% used [0x00000007aab00000,0x00000007acb00000,0x00000007acb00000)
  from space 2560K, 99% used [0x00000007acb00000,0x00000007acd7cf38,0x00000007acd80000)
  to   space 9728K, 0% used [0x00000007ae580000,0x00000007ae580000,0x00000007aef00000)
 ParOldGen       total 37888K, used 16006K [0x0000000780000000, 0x0000000782500000, 0x00000007aab00000)
  object space 37888K, 42% used [0x0000000780000000,0x0000000780fa1ac0,0x0000000782500000)
 Metaspace       used 24806K, capacity 25113K, committed 25472K, reserved 1073152K
  class space    used 2558K, capacity 2675K, committed 2688K, reserved 1048576K
Event: 6.642 GC heap after
Heap after GC invocations=7 (full 1):
 PSYoungGen      total 57856K, used 6948K [0x00000007aab00000, 0x00000007aee00000, 0x00000007c0000000)
  eden space 49152K, 0% used [0x00000007aab00000,0x00000007aab00000,0x00000007adb00000)
  from space 8704K, 79% used [0x00000007ae580000,0x00000007aec492f8,0x00000007aee00000)
  to   space 9728K, 0% used [0x00000007adb00000,0x00000007adb00000,0x00000007ae480000)
 ParOldGen       total 37888K, used 16006K [0x0000000780000000, 0x0000000782500000, 0x00000007aab00000)
  object space 37888K, 42% used [0x0000000780000000,0x0000000780fa1ac0,0x0000000782500000)
 Metaspace       used 24806K, capacity 25113K, committed 25472K, reserved 1073152K
  class space    used 2558K, capacity 2675K, committed 2688K, reserved 1048576K
}

Deoptimization events (10 events):
Event: 5.069 Thread 0x00007f84c5340800 Uncommon trap: reason=class_check action=maybe_recompile pc=0x000000010cd51554 method=java.io.DataInputStream.readInt()I @ 4
Event: 5.069 Thread 0x00007f84c5340800 Uncommon trap: reason=class_check action=maybe_recompile pc=0x000000010cd51554 method=java.io.DataInputStream.readInt()I @ 4
Event: 5.069 Thread 0x00007f84c5340800 Uncommon trap: reason=class_check action=maybe_recompile pc=0x000000010cd51554 method=java.io.DataInputStream.readInt()I @ 4
Event: 5.146 Thread 0x00007f84c5340800 Uncommon trap: reason=unstable_if action=reinterpret pc=0x000000010ce59b84 method=java.lang.String.trim()Ljava/lang/String; @ 15
Event: 11.453 Thread 0x00007f84c5340800 Uncommon trap: reason=unstable_if action=reinterpret pc=0x000000010d20e614 method=de.fhpotsdam.unfolding.mapdisplay.Java2DMapDisplay.getTransformedPosition(FFZ)[F @ 1
Event: 12.669 Thread 0x00007f84c51a8800 Uncommon trap: reason=unstable_if action=reinterpret pc=0x000000010d0b1f3c method=java.awt.font.FontRenderContext.equals(Ljava/awt/font/FontRenderContext;)Z @ 2
Event: 12.670 Thread 0x00007f84c51a8800 Uncommon trap: reason=unstable_if action=reinterpret pc=0x000000010d0abb94 method=java.awt.Font.equals(Ljava/lang/Object;)Z @ 2
Event: 12.714 Thread 0x00007f84c51b3800 Uncommon trap: reason=unstable_if action=reinterpret pc=0x000000010cd13390 method=java.util.HashMap.putVal(ILjava/lang/Object;Ljava/lang/Object;ZZ)Ljava/lang/Object; @ 81
Event: 12.714 Thread 0x00007f84c51b3800 Uncommon trap: reason=unstable_if action=reinterpret pc=0x000000010cd15dd8 method=java.util.HashMap.putVal(ILjava/lang/Object;Ljava/lang/Object;ZZ)Ljava/lang/Object; @ 81
Event: 12.716 Thread 0x00007f84c51a8800 Uncommon trap: reason=unstable_if action=reinterpret pc=0x000000010d08b6f8 method=java.awt.font.FontRenderContext.equals(Ljava/awt/font/FontRenderContext;)Z @ 2

Internal exceptions (10 events):
Event: 0.397 Thread 0x00007f84c500a000 Exception <a 'java/io/FileNotFoundException'> (0x00000007aade1ce0) thrown at [/Users/java_re/workspace/8-2-build-macosx-x86_64/jdk8u65/4987/hotspot/src/share/vm/prims/jni.cpp, line 709]
Event: 0.397 Thread 0x00007f84c500a000 Exception <a 'java/io/FileNotFoundException'> (0x00000007aade2848) thrown at [/Users/java_re/workspace/8-2-build-macosx-x86_64/jdk8u65/4987/hotspot/src/share/vm/prims/jni.cpp, line 709]
Event: 0.506 Thread 0x00007f84c500a000 Exception <a 'java/io/FileNotFoundException'> (0x00000007aaf41bb8) thrown at [/Users/java_re/workspace/8-2-build-macosx-x86_64/jdk8u65/4987/hotspot/src/share/vm/prims/jni.cpp, line 709]
Event: 2.019 Thread 0x00007f84c5817000 Exception <a 'java/lang/NullPointerException'> (0x00000007aab8ce78) thrown at [/Users/java_re/workspace/8-2-build-macosx-x86_64/jdk8u65/4987/hotspot/src/share/vm/interpreter/linkResolver.cpp, line 1178]
Event: 2.108 Thread 0x00007f84c5343800 Exception <a 'java/lang/UnsatisfiedLinkError': com.jogamp.common.util.JarUtil.fixNativeLibAttribs(Ljava/lang/String;)Z> (0x00000007aafd9760) thrown at [/Users/java_re/workspace/8-2-build-macosx-x86_64/jdk8u65/4987/hotspot/src/share/vm/prims/nativeLookup.c
Event: 3.137 Thread 0x00007f84c5340800 Exception <a 'java/io/FileNotFoundException'> (0x00000007ab3299a8) thrown at [/Users/java_re/workspace/8-2-build-macosx-x86_64/jdk8u65/4987/hotspot/src/share/vm/prims/jni.cpp, line 709]
Event: 3.137 Thread 0x00007f84c5340800 Exception <a 'java/io/FileNotFoundException'> (0x00000007ab331e00) thrown at [/Users/java_re/workspace/8-2-build-macosx-x86_64/jdk8u65/4987/hotspot/src/share/vm/prims/jni.cpp, line 709]
Event: 3.137 Thread 0x00007f84c5340800 Implicit null exception at 0x000000010ca9e175 to 0x000000010ca9e4d9
Event: 3.218 Thread 0x00007f84c5340800 Exception <a 'java/io/FileNotFoundException'> (0x00000007ab7a89f8) thrown at [/Users/java_re/workspace/8-2-build-macosx-x86_64/jdk8u65/4987/hotspot/src/share/vm/prims/jni.cpp, line 709]
Event: 3.220 Thread 0x00007f84c5340800 Exception <a 'java/io/FileNotFoundException'> (0x00000007ab7b7408) thrown at [/Users/java_re/workspace/8-2-build-macosx-x86_64/jdk8u65/4987/hotspot/src/share/vm/prims/jni.cpp, line 709]

Events (10 events):
Event: 12.741 loading class jogamp/nativewindow/jawt/macosx/MacOSXJAWTWindow$1 done
Event: 12.743 loading class java/awt/LightweightDispatcher$2
Event: 12.743 loading class java/awt/LightweightDispatcher$2 done
Event: 12.743 loading class java/awt/event/AWTEventListenerProxy
Event: 12.743 loading class java/awt/event/AWTEventListenerProxy done
Event: 12.743 loading class java/awt/Toolkit$ToolkitEventMulticaster
Event: 12.743 loading class java/awt/Toolkit$ToolkitEventMulticaster done
Event: 12.743 Thread 0x00007f84c51b3800 Thread exited: 0x00007f84c51b3800
Event: 12.744 loading class java/awt/Window$1DisposeAction
Event: 12.744 loading class java/awt/Window$1DisposeAction done


Dynamic libraries:
0x000000000d914000 	/System/Library/Frameworks/Cocoa.framework/Versions/A/Cocoa
0x000000000d914000 	/System/Library/Frameworks/Security.framework/Versions/A/Security
0x000000000d914000 	/System/Library/Frameworks/ApplicationServices.framework/Versions/A/ApplicationServices
0x000000000d914000 	/usr/lib/libz.1.dylib
0x000000000d914000 	/usr/lib/libSystem.B.dylib
0x000000000d914000 	/usr/lib/libobjc.A.dylib
0x000000000d914000 	/System/Library/Frameworks/CoreFoundation.framework/Versions/A/CoreFoundation
0x000000000d914000 	/System/Library/Frameworks/Foundation.framework/Versions/C/Foundation
0x000000000d914000 	/System/Library/Frameworks/AppKit.framework/Versions/C/AppKit
0x000000000d914000 	/System/Library/Frameworks/CoreData.framework/Versions/A/CoreData
0x000000000d914000 	/System/Library/PrivateFrameworks/RemoteViewServices.framework/Versions/A/RemoteViewServices
0x000000000d914000 	/System/Library/PrivateFrameworks/UIFoundation.framework/Versions/A/UIFoundation
0x000000000d914000 	/System/Library/Frameworks/IOSurface.framework/Versions/A/IOSurface
0x000000000d914000 	/System/Library/Frameworks/AudioToolbox.framework/Versions/A/AudioToolbox
0x000000000d914000 	/System/Library/Frameworks/AudioUnit.framework/Versions/A/AudioUnit
0x000000000d914000 	/System/Library/PrivateFrameworks/DataDetectorsCore.framework/Versions/A/DataDetectorsCore
0x000000000d914000 	/System/Library/PrivateFrameworks/DesktopServicesPriv.framework/Versions/A/DesktopServicesPriv
0x000000000d914000 	/System/Library/Frameworks/Carbon.framework/Versions/A/Frameworks/HIToolbox.framework/Versions/A/HIToolbox
0x000000000d914000 	/System/Library/Frameworks/QuartzCore.framework/Versions/A/QuartzCore
0x000000000d914000 	/System/Library/Frameworks/Carbon.framework/Versions/A/Frameworks/SpeechRecognition.framework/Versions/A/SpeechRecognition
0x000000000d914000 	/usr/lib/libauto.dylib
0x000000000d914000 	/usr/lib/libicucore.A.dylib
0x000000000d914000 	/usr/lib/libxml2.2.dylib
0x000000000d914000 	/System/Library/PrivateFrameworks/CoreUI.framework/Versions/A/CoreUI
0x000000000d914000 	/System/Library/Frameworks/CoreAudio.framework/Versions/A/CoreAudio
0x000000000d914000 	/System/Library/Frameworks/DiskArbitration.framework/Versions/A/DiskArbitration
0x000000000d914000 	/usr/lib/liblangid.dylib
0x000000000d914000 	/System/Library/PrivateFrameworks/MultitouchSupport.framework/Versions/A/MultitouchSupport
0x000000000d914000 	/System/Library/Frameworks/IOKit.framework/Versions/A/IOKit
0x000000000d914000 	/usr/lib/libDiagnosticMessagesClient.dylib
0x000000000d914000 	/System/Library/Frameworks/CoreServices.framework/Versions/A/CoreServices
0x000000000d914000 	/System/Library/PrivateFrameworks/PerformanceAnalysis.framework/Versions/A/PerformanceAnalysis
0x000000000d914000 	/System/Library/PrivateFrameworks/GenerationalStorage.framework/Versions/A/GenerationalStorage
0x000000000d914000 	/System/Library/Frameworks/OpenGL.framework/Versions/A/OpenGL
0x000000000d914000 	/System/Library/PrivateFrameworks/Sharing.framework/Versions/A/Sharing
0x000000000d914000 	/System/Library/Frameworks/CoreGraphics.framework/Versions/A/CoreGraphics
0x000000000d914000 	/System/Library/Frameworks/CoreText.framework/Versions/A/CoreText
0x000000000d914000 	/System/Library/Frameworks/ImageIO.framework/Versions/A/ImageIO
0x000000000d914000 	/usr/lib/libextension.dylib
0x000000000d914000 	/System/Library/PrivateFrameworks/Backup.framework/Versions/A/Backup
0x000000000d914000 	/usr/lib/libarchive.2.dylib
0x000000000d914000 	/System/Library/Frameworks/CFNetwork.framework/Versions/A/CFNetwork
0x000000000d914000 	/System/Library/Frameworks/SystemConfiguration.framework/Versions/A/SystemConfiguration
0x000000000d914000 	/usr/lib/libCRFSuite.dylib
0x000000000d914000 	/usr/lib/libc++.1.dylib
0x000000000d914000 	/usr/lib/libc++abi.dylib
0x000000000d914000 	/usr/lib/system/libcache.dylib
0x000000000d914000 	/usr/lib/system/libcommonCrypto.dylib
0x000000000d914000 	/usr/lib/system/libcompiler_rt.dylib
0x000000000d914000 	/usr/lib/system/libcopyfile.dylib
0x000000000d914000 	/usr/lib/system/libcorecrypto.dylib
0x000000000d914000 	/usr/lib/system/libdispatch.dylib
0x000000000d914000 	/usr/lib/system/libdyld.dylib
0x000000000d914000 	/usr/lib/system/libkeymgr.dylib
0x000000000d914000 	/usr/lib/system/liblaunch.dylib
0x000000000d914000 	/usr/lib/system/libmacho.dylib
0x000000000d914000 	/usr/lib/system/libquarantine.dylib
0x000000000d914000 	/usr/lib/system/libremovefile.dylib
0x000000000d914000 	/usr/lib/system/libsystem_asl.dylib
0x000000000d914000 	/usr/lib/system/libsystem_blocks.dylib
0x000000000d914000 	/usr/lib/system/libsystem_c.dylib
0x000000000d914000 	/usr/lib/system/libsystem_configuration.dylib
0x000000000d914000 	/usr/lib/system/libsystem_coreservices.dylib
0x000000000d914000 	/usr/lib/system/libsystem_coretls.dylib
0x000000000d914000 	/usr/lib/system/libsystem_dnssd.dylib
0x000000000d914000 	/usr/lib/system/libsystem_info.dylib
0x000000000d914000 	/usr/lib/system/libsystem_kernel.dylib
0x000000000d914000 	/usr/lib/system/libsystem_m.dylib
0x000000000d914000 	/usr/lib/system/libsystem_malloc.dylib
0x000000000d914000 	/usr/lib/system/libsystem_network.dylib
0x000000000d914000 	/usr/lib/system/libsystem_networkextension.dylib
0x000000000d914000 	/usr/lib/system/libsystem_notify.dylib
0x000000000d914000 	/usr/lib/system/libsystem_platform.dylib
0x000000000d914000 	/usr/lib/system/libsystem_pthread.dylib
0x000000000d914000 	/usr/lib/system/libsystem_sandbox.dylib
0x000000000d914000 	/usr/lib/system/libsystem_secinit.dylib
0x000000000d914000 	/usr/lib/system/libsystem_stats.dylib
0x000000000d914000 	/usr/lib/system/libsystem_trace.dylib
0x000000000d914000 	/usr/lib/system/libunc.dylib
0x000000000d914000 	/usr/lib/system/libunwind.dylib
0x000000000d914000 	/usr/lib/system/libxpc.dylib
0x000000000d914000 	/usr/lib/libbz2.1.0.dylib
0x000000000d914000 	/usr/lib/liblzma.5.dylib
0x000000000d914000 	/usr/lib/libbsm.0.dylib
0x000000000d914000 	/usr/lib/libsqlite3.dylib
0x000000000d914000 	/usr/lib/system/libkxld.dylib
0x000000000d914000 	/usr/lib/libxar.1.dylib
0x000000000d914000 	/usr/lib/libpam.2.dylib
0x000000000d914000 	/usr/lib/libOpenScriptingUtil.dylib
0x000000000d914000 	/System/Library/Frameworks/CoreServices.framework/Versions/A/Frameworks/FSEvents.framework/Versions/A/FSEvents
0x000000000d914000 	/System/Library/Frameworks/CoreServices.framework/Versions/A/Frameworks/CarbonCore.framework/Versions/A/CarbonCore
0x000000000d914000 	/System/Library/Frameworks/CoreServices.framework/Versions/A/Frameworks/Metadata.framework/Versions/A/Metadata
0x000000000d914000 	/System/Library/Frameworks/CoreServices.framework/Versions/A/Frameworks/OSServices.framework/Versions/A/OSServices
0x000000000d914000 	/System/Library/Frameworks/CoreServices.framework/Versions/A/Frameworks/SearchKit.framework/Versions/A/SearchKit
0x000000000d914000 	/System/Library/Frameworks/CoreServices.framework/Versions/A/Frameworks/AE.framework/Versions/A/AE
0x000000000d914000 	/System/Library/Frameworks/CoreServices.framework/Versions/A/Frameworks/LaunchServices.framework/Versions/A/LaunchServices
0x000000000d914000 	/System/Library/Frameworks/CoreServices.framework/Versions/A/Frameworks/DictionaryServices.framework/Versions/A/DictionaryServices
0x000000000d914000 	/System/Library/Frameworks/NetFS.framework/Versions/A/NetFS
0x000000000d914000 	/System/Library/PrivateFrameworks/NetAuth.framework/Versions/A/NetAuth
0x000000000d914000 	/System/Library/PrivateFrameworks/login.framework/Versions/A/Frameworks/loginsupport.framework/Versions/A/loginsupport
0x000000000d914000 	/System/Library/PrivateFrameworks/TCC.framework/Versions/A/TCC
0x000000000d914000 	/usr/lib/libmecabra.dylib
0x000000000d914000 	/System/Library/Frameworks/ApplicationServices.framework/Versions/A/Frameworks/ATS.framework/Versions/A/ATS
0x000000000d914000 	/System/Library/Frameworks/ApplicationServices.framework/Versions/A/Frameworks/ColorSync.framework/Versions/A/ColorSync
0x000000000d914000 	/System/Library/Frameworks/ApplicationServices.framework/Versions/A/Frameworks/HIServices.framework/Versions/A/HIServices
0x000000000d914000 	/System/Library/Frameworks/ApplicationServices.framework/Versions/A/Frameworks/LangAnalysis.framework/Versions/A/LangAnalysis
0x000000000d914000 	/System/Library/Frameworks/ApplicationServices.framework/Versions/A/Frameworks/PrintCore.framework/Versions/A/PrintCore
0x000000000d914000 	/System/Library/Frameworks/ApplicationServices.framework/Versions/A/Frameworks/QD.framework/Versions/A/QD
0x000000000d914000 	/System/Library/Frameworks/ApplicationServices.framework/Versions/A/Frameworks/SpeechSynthesis.framework/Versions/A/SpeechSynthesis
0x000000000d914000 	/System/Library/Frameworks/Accelerate.framework/Versions/A/Accelerate
0x000000000d914000 	/System/Library/Frameworks/Accelerate.framework/Versions/A/Frameworks/vImage.framework/Versions/A/vImage
0x000000000d914000 	/System/Library/Frameworks/Accelerate.framework/Versions/A/Frameworks/vecLib.framework/Versions/A/vecLib
0x000000000d914000 	/System/Library/Frameworks/Accelerate.framework/Versions/A/Frameworks/vecLib.framework/Versions/A/libvDSP.dylib
0x000000000d914000 	/System/Library/Frameworks/Accelerate.framework/Versions/A/Frameworks/vecLib.framework/Versions/A/libvMisc.dylib
0x000000000d914000 	/System/Library/Frameworks/Accelerate.framework/Versions/A/Frameworks/vecLib.framework/Versions/A/libLAPACK.dylib
0x000000000d914000 	/System/Library/Frameworks/Accelerate.framework/Versions/A/Frameworks/vecLib.framework/Versions/A/libBLAS.dylib
0x000000000d914000 	/System/Library/Frameworks/Accelerate.framework/Versions/A/Frameworks/vecLib.framework/Versions/A/libLinearAlgebra.dylib
0x000000000d914000 	/System/Library/Frameworks/ApplicationServices.framework/Versions/A/Frameworks/ATS.framework/Versions/A/Resources/libFontParser.dylib
0x000000000d914000 	/System/Library/Frameworks/ApplicationServices.framework/Versions/A/Frameworks/ATS.framework/Versions/A/Resources/libFontRegistry.dylib
0x000000000d914000 	/System/Library/PrivateFrameworks/AppleVPA.framework/Versions/A/AppleVPA
0x000000000d914000 	/System/Library/PrivateFrameworks/AppleJPEG.framework/Versions/A/AppleJPEG
0x000000000d914000 	/System/Library/Frameworks/ImageIO.framework/Versions/A/Resources/libJPEG.dylib
0x000000000d914000 	/System/Library/Frameworks/ImageIO.framework/Versions/A/Resources/libTIFF.dylib
0x000000000d914000 	/System/Library/Frameworks/ImageIO.framework/Versions/A/Resources/libPng.dylib
0x000000000d914000 	/System/Library/Frameworks/ImageIO.framework/Versions/A/Resources/libGIF.dylib
0x000000000d914000 	/System/Library/Frameworks/ImageIO.framework/Versions/A/Resources/libJP2.dylib
0x000000000d914000 	/System/Library/Frameworks/ImageIO.framework/Versions/A/Resources/libRadiance.dylib
0x000000000d914000 	/System/Library/Frameworks/CoreVideo.framework/Versions/A/CoreVideo
0x000000000d914000 	/System/Library/Frameworks/OpenGL.framework/Versions/A/Libraries/libGLU.dylib
0x000000000d914000 	/System/Library/Frameworks/OpenGL.framework/Versions/A/Libraries/libGFXShared.dylib
0x000000000d914000 	/System/Library/Frameworks/OpenGL.framework/Versions/A/Libraries/libGL.dylib
0x000000000d914000 	/System/Library/Frameworks/OpenGL.framework/Versions/A/Libraries/libGLImage.dylib
0x000000000d914000 	/System/Library/Frameworks/OpenGL.framework/Versions/A/Libraries/libCVMSPluginSupport.dylib
0x000000000d914000 	/System/Library/Frameworks/OpenGL.framework/Versions/A/Libraries/libCoreVMClient.dylib
0x000000000d914000 	/usr/lib/libcups.2.dylib
0x000000000d914000 	/System/Library/Frameworks/Kerberos.framework/Versions/A/Kerberos
0x000000000d914000 	/System/Library/Frameworks/GSS.framework/Versions/A/GSS
0x000000000d914000 	/usr/lib/libresolv.9.dylib
0x000000000d914000 	/usr/lib/libiconv.2.dylib
0x000000000d914000 	/System/Library/PrivateFrameworks/Heimdal.framework/Versions/A/Heimdal
0x000000000d914000 	/usr/lib/libheimdal-asn1.dylib
0x000000000d914000 	/System/Library/Frameworks/OpenDirectory.framework/Versions/A/OpenDirectory
0x000000000d914000 	/System/Library/PrivateFrameworks/CommonAuth.framework/Versions/A/CommonAuth
0x000000000d914000 	/System/Library/Frameworks/OpenDirectory.framework/Versions/A/Frameworks/CFOpenDirectory.framework/Versions/A/CFOpenDirectory
0x000000000d914000 	/System/Library/Frameworks/SecurityFoundation.framework/Versions/A/SecurityFoundation
0x000000000d914000 	/System/Library/PrivateFrameworks/LanguageModeling.framework/Versions/A/LanguageModeling
0x000000000d914000 	/usr/lib/libcmph.dylib
0x000000000d914000 	/System/Library/Frameworks/ServiceManagement.framework/Versions/A/ServiceManagement
0x000000000d914000 	/usr/lib/libxslt.1.dylib
0x000000000d914000 	/System/Library/Frameworks/Carbon.framework/Versions/A/Frameworks/Ink.framework/Versions/A/Ink
0x000000000d914000 	/System/Library/Frameworks/QuartzCore.framework/Versions/A/Frameworks/CoreImage.framework/Versions/A/CoreImage
0x000000000d914000 	/System/Library/PrivateFrameworks/CrashReporterSupport.framework/Versions/A/CrashReporterSupport
0x000000000d914000 	/System/Library/Frameworks/OpenCL.framework/Versions/A/OpenCL
0x000000000d914000 	/System/Library/PrivateFrameworks/FaceCore.framework/Versions/A/FaceCore
0x000000000d914000 	/System/Library/PrivateFrameworks/Ubiquity.framework/Versions/A/Ubiquity
0x000000000d914000 	/System/Library/PrivateFrameworks/IconServices.framework/Versions/A/IconServices
0x000000000d914000 	/System/Library/PrivateFrameworks/ChunkingLibrary.framework/Versions/A/ChunkingLibrary
0x000000000d914000 	/System/Library/PrivateFrameworks/Apple80211.framework/Versions/A/Apple80211
0x000000000d914000 	/System/Library/Frameworks/CoreWLAN.framework/Versions/A/CoreWLAN
0x000000000d914000 	/System/Library/Frameworks/IOBluetooth.framework/Versions/A/IOBluetooth
0x000000000d914000 	/System/Library/PrivateFrameworks/CoreWiFi.framework/Versions/A/CoreWiFi
0x000000000d914000 	/System/Library/Frameworks/CoreBluetooth.framework/Versions/A/CoreBluetooth
0x000000000d914000 	/System/Library/PrivateFrameworks/DebugSymbols.framework/Versions/A/DebugSymbols
0x000000000d914000 	/System/Library/PrivateFrameworks/CoreSymbolication.framework/Versions/A/CoreSymbolication
0x000000000d914000 	/System/Library/PrivateFrameworks/Symbolication.framework/Versions/A/Symbolication
0x000000000d914000 	/System/Library/PrivateFrameworks/SpeechRecognitionCore.framework/Versions/A/SpeechRecognitionCore
0x000000010b808000 	/Library/Java/JavaVirtualMachines/jdk1.8.0_65.jdk/Contents/Home/jre/lib/server/libjvm.dylib
0x000000000d914000 	/usr/lib/libstdc++.6.dylib
0x000000010c894000 	/Library/Java/JavaVirtualMachines/jdk1.8.0_65.jdk/Contents/Home/jre/lib/libverify.dylib
0x000000010c8a2000 	/Library/Java/JavaVirtualMachines/jdk1.8.0_65.jdk/Contents/Home/jre/lib/libjava.dylib
0x000000010c8e1000 	/Library/Java/JavaVirtualMachines/jdk1.8.0_65.jdk/Contents/Home/jre/lib/libzip.dylib
0x0000000120c10000 	/System/Library/Frameworks/JavaVM.framework/Frameworks/JavaRuntimeSupport.framework/JavaRuntimeSupport
0x0000000120c28000 	/System/Library/Frameworks/JavaVM.framework/Versions/A/Frameworks/JavaNativeFoundation.framework/Versions/A/JavaNativeFoundation
0x0000000120c3d000 	/System/Library/Frameworks/JavaVM.framework/Versions/A/JavaVM
0x000000000d914000 	/System/Library/Frameworks/Carbon.framework/Versions/A/Carbon
0x0000000120c4a000 	/System/Library/PrivateFrameworks/JavaLaunching.framework/Versions/A/JavaLaunching
0x000000000d914000 	/System/Library/Frameworks/Carbon.framework/Versions/A/Frameworks/CommonPanels.framework/Versions/A/CommonPanels
0x000000000d914000 	/System/Library/Frameworks/Carbon.framework/Versions/A/Frameworks/Help.framework/Versions/A/Help
0x000000000d914000 	/System/Library/Frameworks/Carbon.framework/Versions/A/Frameworks/ImageCapture.framework/Versions/A/ImageCapture
0x000000000d914000 	/System/Library/Frameworks/Carbon.framework/Versions/A/Frameworks/OpenScripting.framework/Versions/A/OpenScripting
0x000000000d914000 	/System/Library/Frameworks/Carbon.framework/Versions/A/Frameworks/Print.framework/Versions/A/Print
0x000000000d914000 	/System/Library/Frameworks/Carbon.framework/Versions/A/Frameworks/SecurityHI.framework/Versions/A/SecurityHI
0x0000000122afd000 	/Library/Java/JavaVirtualMachines/jdk1.8.0_65.jdk/Contents/Home/jre/lib/libawt.dylib
0x0000000122ba5000 	/Library/Java/JavaVirtualMachines/jdk1.8.0_65.jdk/Contents/Home/jre/lib/./libmlib_image.dylib
0x0000000122c71000 	/Library/Java/JavaVirtualMachines/jdk1.8.0_65.jdk/Contents/Home/jre/lib/libawt_lwawt.dylib
0x0000000122d26000 	/Library/Java/JavaVirtualMachines/jdk1.8.0_65.jdk/Contents/Home/jre/lib/./libosxapp.dylib
0x000000000d914000 	/System/Library/Frameworks/ExceptionHandling.framework/Versions/A/ExceptionHandling
0x000000000d914000 	/System/Library/PrivateFrameworks/CoreServicesInternal.framework/Versions/A/CoreServicesInternal
0x000000000d914000 	/System/Library/PrivateFrameworks/CloudDocs.framework/Versions/A/CloudDocs
0x000000000d914000 	/System/Library/PrivateFrameworks/CoreDuet.framework/Versions/A/CoreDuet
0x000000000d914000 	/System/Library/Frameworks/CloudKit.framework/Versions/A/CloudKit
0x000000000d914000 	/System/Library/PrivateFrameworks/ProtocolBuffer.framework/Versions/A/ProtocolBuffer
0x000000000d914000 	/System/Library/PrivateFrameworks/CoreDuetDaemonProtocol.framework/Versions/A/CoreDuetDaemonProtocol
0x000000000d914000 	/System/Library/PrivateFrameworks/CoreDuetDebugLogging.framework/Versions/A/CoreDuetDebugLogging
0x000000000d914000 	/System/Library/PrivateFrameworks/MMCS.framework/Versions/A/MMCS
0x000000000d914000 	/System/Library/Frameworks/CoreLocation.framework/Versions/A/CoreLocation
0x000000000d914000 	/System/Library/PrivateFrameworks/ProtectedCloudStorage.framework/Versions/A/ProtectedCloudStorage
0x000000000d914000 	/System/Library/PrivateFrameworks/GeoServices.framework/Versions/A/GeoServices
0x000000000d914000 	/System/Library/Frameworks/CoreGraphics.framework/Versions/A/Resources/libCGCMS.A.dylib
0x000000000d914000 	/System/Library/Frameworks/CoreGraphics.framework/Versions/A/Resources/libRIP.A.dylib
0x000000000d914000 	/System/Library/Frameworks/CoreGraphics.framework/Versions/A/Resources/libCGXType.A.dylib
0x000000000d914000 	/System/Library/Frameworks/OpenCL.framework/Versions/A/Libraries/libcldcpuengine.dylib
0x000000000d914000 	/System/Library/PrivateFrameworks/DiskImages.framework/Versions/A/DiskImages
0x000000000d914000 	/System/Library/Frameworks/DiscRecording.framework/Versions/A/DiscRecording
0x000000000d914000 	/usr/lib/libcsfde.dylib
0x000000000d914000 	/usr/lib/libcurl.4.dylib
0x000000000d914000 	/System/Library/PrivateFrameworks/MediaKit.framework/Versions/A/MediaKit
0x000000000d914000 	/usr/lib/libCoreStorage.dylib
0x000000000d914000 	/System/Library/PrivateFrameworks/EFILogin.framework/Versions/A/EFILogin
0x000000000d914000 	/usr/lib/libutil.dylib
0x000000000d914000 	/System/Library/PrivateFrameworks/FindMyDevice.framework/Versions/A/FindMyDevice
0x000000000d914000 	/System/Library/Frameworks/LDAP.framework/Versions/A/LDAP
0x000000000d914000 	/usr/lib/libsasl2.2.dylib
0x000000000d914000 	/System/Library/PrivateFrameworks/CoreDaemon.framework/Versions/B/CoreDaemon
0x000000000d914000 	/usr/lib/libcrypto.0.9.8.dylib
0x000000000d914000 	/System/Library/PrivateFrameworks/AppleSRP.framework/Versions/A/AppleSRP
0x000000000d914000 	/System/Library/PrivateFrameworks/TrustEvaluationAgent.framework/Versions/A/TrustEvaluationAgent
0x0000000125a76000 	cl_kernels
0x0000000125a78000 	/System/Library/Frameworks/OpenCL.framework/Versions/A/Libraries/ImageFormats/unorm8_bgra.dylib
0x0000000125a67000 	cl_kernels
0x000000000d914000 	/System/Library/PrivateFrameworks/FamilyControls.framework/Versions/A/FamilyControls
0x000000000d914000 	/System/Library/PrivateFrameworks/CommerceKit.framework/Versions/A/Frameworks/CommerceCore.framework/Versions/A/CommerceCore
0x000000000d914000 	/System/Library/PrivateFrameworks/SystemAdministration.framework/Versions/A/SystemAdministration
0x000000000d914000 	/System/Library/PrivateFrameworks/AppContainer.framework/Versions/A/AppContainer
0x000000000d914000 	/System/Library/PrivateFrameworks/SecCodeWrapper.framework/Versions/A/SecCodeWrapper
0x000000000d914000 	/System/Library/Frameworks/DirectoryService.framework/Versions/A/DirectoryService
0x000000000d914000 	/System/Library/PrivateFrameworks/LoginUIKit.framework/Versions/A/Frameworks/LoginUICore.framework/Versions/A/LoginUICore
0x000000000d914000 	/usr/lib/libodfde.dylib
0x000000000d914000 	/System/Library/Frameworks/OpenGL.framework/Versions/A/Resources/GLEngine.bundle/GLEngine
0x000000000d914000 	/System/Library/Frameworks/OpenGL.framework/Versions/A/Libraries/libGLProgrammability.dylib
0x0000000126d78000 	/System/Library/Extensions/AppleIntelBDWGraphicsGLDriver.bundle/Contents/MacOS/AppleIntelBDWGraphicsGLDriver
0x000000000d914000 	/System/Library/PrivateFrameworks/IOAccelerator.framework/Versions/A/IOAccelerator
0x000000000d914000 	/System/Library/PrivateFrameworks/GPUSupport.framework/Versions/A/Libraries/libGPUSupportMercury.dylib
0x000000000d914000 	/System/Library/Frameworks/OpenGL.framework/Versions/A/Resources/GLRendererFloat.bundle/GLRendererFloat
0x0000000127d8c000 	/Library/Java/JavaVirtualMachines/jdk1.8.0_65.jdk/Contents/Home/jre/lib/libfontmanager.dylib
0x0000000128e03000 	/Library/Java/JavaVirtualMachines/jdk1.8.0_65.jdk/Contents/Home/jre/lib/libosxui.dylib
0x00000001291fc000 	/Library/Java/JavaVirtualMachines/jdk1.8.0_65.jdk/Contents/Home/jre/lib/libnet.dylib
0x0000000129011000 	/Library/Java/JavaVirtualMachines/jdk1.8.0_65.jdk/Contents/Home/jre/lib/libnio.dylib
0x000000000d914000 	/System/Library/Frameworks/ApplicationServices.framework/Versions/A/Frameworks/ATS.framework/Versions/A/Resources/libTrueTypeScaler.dylib
0x000000017476c000 	/private/var/folders/33/xjzsj90x7bq7f8hjssg9rbfh0000gn/T/jogamp_0000/file_cache/jln400156736354169317/jln1084870006041783467/libgluegen-rt.jnilib
0x0000000174770000 	/private/var/folders/33/xjzsj90x7bq7f8hjssg9rbfh0000gn/T/jogamp_0000/file_cache/jln400156736354169317/jln1084870006041783467/libnativewindow_awt.jnilib
0x0000000174773000 	/Library/Java/JavaVirtualMachines/jdk1.8.0_65.jdk/Contents/Home/jre/lib/libjawt.dylib
0x00000001747ac000 	/private/var/folders/33/xjzsj90x7bq7f8hjssg9rbfh0000gn/T/jogamp_0000/file_cache/jln400156736354169317/jln1084870006041783467/libnativewindow_macosx.jnilib
0x00000001764bf000 	/private/var/folders/33/xjzsj90x7bq7f8hjssg9rbfh0000gn/T/jogamp_0000/file_cache/jln400156736354169317/jln1084870006041783467/libjogl_desktop.jnilib
0x0000000174909000 	/Library/Java/JavaVirtualMachines/jdk1.8.0_65.jdk/Contents/Home/jre/lib/libsunec.dylib
0x0000000176252000 	/Library/Java/JavaVirtualMachines/jdk1.8.0_65.jdk/Contents/Home/jre/lib/libt2k.dylib

VM Arguments:
jvm_args: -Djava.security.policy=java.policy.applet -Dfile.encoding=UTF-8 
java_command: sun.applet.AppletViewer module6.EarthquakeCityMap1456106357163.html
java_class_path (initial): /Users/jayburlage/Documents/workspace/UCSDUnfoldingMaps/build:/Users/jayburlage/Documents/workspace/UCSDUnfoldingMaps/lib/core.jar:/Users/jayburlage/Documents/workspace/UCSDUnfoldingMaps/lib/gluegen-rt.jar:/Users/jayburlage/Documents/workspace/UCSDUnfoldingMaps/lib/jogl-all.jar:/Users/jayburlage/Documents/workspace/UCSDUnfoldingMaps/lib/log4j-1.2.15.jar:/Users/jayburlage/Documents/workspace/UCSDUnfoldingMaps/lib/sqlite-jdbc-3.7.2.jar:/Users/jayburlage/Documents/workspace/UCSDUnfoldingMaps/lib/json4processing.jar:/Users/jayburlage/Documents/workspace/UCSDUnfoldingMaps/lib/libTUIO.jar:/Users/jayburlage/Documents/workspace/UCSDUnfoldingMaps/lib/unfolding.0.9.7-uscd.jar:/Users/jayburlage/Documents/workspace/UCSDUnfoldingMaps/lib/httpclient-4.5.1.jar:/Users/jayburlage/Documents/workspace/UCSDUnfoldingMaps/lib/httpclient-cache-4.5.1.jar:/Users/jayburlage/Documents/workspace/UCSDUnfoldingMaps/lib/httpclient-win-4.5.1.jar:/Users/jayburlage/Documents/workspace/UCSDUnfoldingMaps/lib/httpcore-4.4.3.jar:/Users/jayburlage/Documents/workspace/UCSDUnfoldingMaps/lib/httpmime-4.5.1.jar:/Users/jayburlage/Documents/workspace/UCSDUnfoldingMaps/lib/commons-codec-1.9.jar:/Users/jayburlage/Documents/workspace/UCSDUnfoldingMaps/lib/commons-logging-1.2-javadoc.jar:/Users/jayburlage/Documents/workspace/UCSDUnfoldingMaps/lib/commons-logging-1.2.jar:/Users/jayburlage/Documents/workspace/UCSDUnfoldingMaps/lib/json-simple-1.1.1.jar
Launcher Type: SUN_STANDARD

Environment Variables:
PATH=/usr/bin:/bin:/usr/sbin:/sbin
SHELL=/bin/bash

Signal Handlers:
SIGSEGV: [libjvm.dylib+0x5a6d31], sa_mask[0]=11111111011111110111111111111111, sa_flags=SA_ONSTACK|SA_RESTART|SA_SIGINFO
SIGBUS: [libjvm.dylib+0x5a6d31], sa_mask[0]=11111111011111110111111111111111, sa_flags=SA_RESTART|SA_SIGINFO
SIGFPE: [libjvm.dylib+0x480a40], sa_mask[0]=11111111011111110111111111111111, sa_flags=SA_RESTART|SA_SIGINFO
SIGPIPE: [libjvm.dylib+0x480a40], sa_mask[0]=11111111011111110111111111111111, sa_flags=SA_RESTART|SA_SIGINFO
SIGXFSZ: [libjvm.dylib+0x480a40], sa_mask[0]=11111111011111110111111111111111, sa_flags=SA_RESTART|SA_SIGINFO
SIGILL: [libjvm.dylib+0x480a40], sa_mask[0]=11111111011111110111111111111111, sa_flags=SA_RESTART|SA_SIGINFO
SIGUSR1: SIG_DFL, sa_mask[0]=00000000000000000000000000000000, sa_flags=none
SIGUSR2: [libjvm.dylib+0x48055e], sa_mask[0]=00100000000000000000000000000000, sa_flags=SA_RESTART|SA_SIGINFO
SIGHUP: [libjvm.dylib+0x47eb35], sa_mask[0]=11111111011111110111111111111111, sa_flags=SA_RESTART|SA_SIGINFO
SIGINT: [libjvm.dylib+0x47eb35], sa_mask[0]=11111111011111110111111111111111, sa_flags=SA_RESTART|SA_SIGINFO
SIGTERM: [libjvm.dylib+0x47eb35], sa_mask[0]=11111111011111110111111111111111, sa_flags=SA_RESTART|SA_SIGINFO
SIGQUIT: [libjvm.dylib+0x47eb35], sa_mask[0]=11111111011111110111111111111111, sa_flags=SA_RESTART|SA_SIGINFO


---------------  S Y S T E M  ---------------

OS:Bsduname:Darwin 14.5.0 Darwin Kernel Version 14.5.0: Wed Jul 29 02:26:53 PDT 2015; root:xnu-2782.40.9~1/RELEASE_X86_64 x86_64
rlimit: STACK 8192k, CORE 0k, NPROC 709, NOFILE 10240, AS infinity
load average:1.85 1.72 1.65

CPU:total 4 (2 cores per cpu, 2 threads per core) family 6 model 61 stepping 4, cmov, cx8, fxsr, mmx, sse, sse2, sse3, ssse3, sse4.1, sse4.2, popcnt, avx, avx2, aes, clmul, erms, 3dnowpref, lzcnt, ht, tsc, tscinvbit, bmi1, bmi2, adx

Memory: 4k page, physical 4194304k(91992k free)

/proc/meminfo:


vm_info: Java HotSpot(TM) 64-Bit Server VM (25.65-b01) for bsd-amd64 JRE (1.8.0_65-b17), built on Oct  6 2015 15:36:46 by "java_re" with gcc 4.2.1 (Based on Apple Inc. build 5658) (LLVM build 2336.11.00)

time: Sun Feb 21 20:59:29 2016
elapsed time: 12 seconds (0d 0h 0m 12s)

