#
# A fatal error has been detected by the Java Runtime Environment:
#
#  SIGSEGV (0xb) at pc=0x00007fff98c100dd, pid=69985, tid=1811
#
# JRE version: Java(TM) SE Runtime Environment (8.0_65-b17) (build 1.8.0_65-b17)
# Java VM: Java HotSpot(TM) 64-Bit Server VM (25.65-b01 mixed mode bsd-amd64 compressed oops)
# Problematic frame:
# C  [libobjc.A.dylib+0x10dd]  objc_msgSend+0x1d
#
# Failed to write core dump. Core dumps have been disabled. To enable core dumping, try "ulimit -c unlimited" before starting Java again
#
# If you would like to submit a bug report, please visit:
#   http://bugreport.java.com/bugreport/crash.jsp
# The crash happened outside the Java Virtual Machine in native code.
# See problematic frame for where to report the bug.
#

---------------  T H R E A D  ---------------

Current thread (0x00007fc7828b4800):  JavaThread "AWT-AppKit" daemon [_thread_in_native, id=1811, stack(0x00007fff51e7b000,0x00007fff5267b000)]

siginfo: si_signo: 11 (SIGSEGV), si_code: 1 (SEGV_MAPERR), si_addr: 0x0000000000000018

Registers:
RAX=0x00007fc783f6e460, RBX=0x000000017666f450, RCX=0x000000012ae041a0, RDX=0x000000012ae04560
RSP=0x00007fff526761c8, RBP=0x00007fff52676280, RSI=0x00007fff9210f40f, RDI=0x00007fc7850f6cf0
R8 =0x0000000000000000, R9 =0x0000000000000f50, R10=0x00007fff9210f40f, R11=0x0000000000000000
R12=0x0000000000000000, R13=0x0000000178456c40, R14=0x000000017666f440, R15=0x00007fc7828b4800
RIP=0x00007fff98c100dd, EFLAGS=0x0000000000010246, ERR=0x0000000000000004
  TRAPNO=0x000000000000000e

Top of Stack: (sp=0x00007fff526761c8)
0x00007fff526761c8:   000000017666d157 00007fff52676220
0x00007fff526761d8:   0000000000000003 00007fff52676200
0x00007fff526761e8:   000000010e1f19a6 0000000178456c40
0x00007fff526761f8:   0000000178456c40 00007fc783f6e460
0x00007fff52676208:   000000017666f6a0 000000017666f710
0x00007fff52676218:   00007fff7dfe7550 00007fff7e22cc80
0x00007fff52676228:   000000017666f450 000000017666f690
0x00007fff52676238:   00007fc783f6e460 00007fc7850f6cf0
0x00007fff52676248:   00007fc78157ca70 00007fc783f6e460
0x00007fff52676258:   00007fc7850f6cf0 00007fff52676308
0x00007fff52676268:   00007fc7828b49f8 0000000178456c40
0x00007fff52676278:   00007fff52676330 00007fff526762f8
0x00007fff52676288:   000000010ef9e954 0000000178456c40
0x00007fff52676298:   00007fff52676330 00007fff526762f8
0x00007fff526762a8:   000000010ef9e6e7 000000010ef9e6a2
0x00007fff526762b8:   00007fff526762b8 0000000178456c40
0x00007fff526762c8:   00007fff52676330 00000001784583f0
0x00007fff526762d8:   0000000000000000 0000000178456c40
0x00007fff526762e8:   0000000000000000 00007fff52676318
0x00007fff526762f8:   00007fff52676378 000000010ef90c4d
0x00007fff52676308:   00000007800486f0 000000010ef98578
0x00007fff52676318:   00007fc783f6e460 00007fff52676378
0x00007fff52676328:   00007fc7850f6cf0 000000010ef99d82
0x00007fff52676338:   00007fff52676338 0000000178456e0a
0x00007fff52676348:   00007fff526763a0 00000001784583f0
0x00007fff52676358:   0000000000000000 0000000178456e18
0x00007fff52676368:   00007fff52676318 00007fff52676388
0x00007fff52676378:   00007fff526763e8 000000010ef90c4d
0x00007fff52676388:   00007fc783f6e460 0000000780626c98
0x00007fff52676398:   00007fc7850f6cf0 0000000780626c98
0x00007fff526763a8:   00007fff526763a8 000000017ae7997e
0x00007fff526763b8:   00007fff526763f8 000000017ae79a38 

Instructions: (pc=0x00007fff98c100dd)
0x00007fff98c100bd:   00 00 00 48 85 ff 2e 74 7a 40 f6 c7 01 2e 75 7e
0x00007fff98c100cd:   49 bb f8 ff ff ff ff 7f 00 00 4c 23 1f 49 89 f2
0x00007fff98c100dd:   45 23 53 18 49 c1 e2 04 4d 03 53 10 49 3b 32 75
0x00007fff98c100ed:   04 41 ff 62 08 49 83 3a 00 74 6a 4d 3b 53 10 74 

Register to memory mapping:

RAX=0x00007fc783f6e460 is an unknown value
RBX=0x000000017666f450: Java_jogamp_nativewindow_macosx_OSXUtil_GetScreenRefreshRate0+0x1cf0 in /private/var/folders/33/xjzsj90x7bq7f8hjssg9rbfh0000gn/T/jogamp_0000/file_cache/jln4453090975226921128/jln6060870518946535960/libnativewindow_macosx.jnilib at 0x0000000176668000
RCX=0x000000012ae041a0 is an unknown value
RDX=0x000000012ae04560 is an unknown value
RSP=0x00007fff526761c8 is pointing into the stack for thread: 0x00007fc7828b4800
RBP=0x00007fff52676280 is pointing into the stack for thread: 0x00007fc7828b4800
RSI=0x00007fff9210f40f is an unknown value
RDI=0x00007fc7850f6cf0 is an unknown value
R8 =0x0000000000000000 is an unknown value
R9 =0x0000000000000f50 is an unknown value
R10=0x00007fff9210f40f is an unknown value
R11=0x0000000000000000 is an unknown value
R12=0x0000000000000000 is an unknown value
R13={method} {0x0000000178456c40} 'UnsetJAWTRootSurfaceLayer0' '(JJ)V' in 'jogamp/nativewindow/jawt/macosx/MacOSXJAWTWindow'
R14=0x000000017666f440: Java_jogamp_nativewindow_macosx_OSXUtil_GetScreenRefreshRate0+0x1ce0 in /private/var/folders/33/xjzsj90x7bq7f8hjssg9rbfh0000gn/T/jogamp_0000/file_cache/jln4453090975226921128/jln6060870518946535960/libnativewindow_macosx.jnilib at 0x0000000176668000
R15=0x00007fc7828b4800 is a thread


Stack: [0x00007fff51e7b000,0x00007fff5267b000],  sp=0x00007fff526761c8,  free space=8172k
Native frames: (J=compiled Java code, j=interpreted, Vv=VM code, C=native code)
C  [libobjc.A.dylib+0x10dd]  objc_msgSend+0x1d
j  jogamp.nativewindow.jawt.macosx.MacOSXJAWTWindow.UnsetJAWTRootSurfaceLayer0(JJ)V+0
j  jogamp.nativewindow.jawt.macosx.MacOSXJAWTWindow.access$200(JJ)V+2
j  jogamp.nativewindow.jawt.macosx.MacOSXJAWTWindow$1.run()V+38
J 2537 C1 com.jogamp.common.util.RunnableTask.run()V (345 bytes) @ 0x000000010f763d54 [0x000000010f763bc0+0x194]
v  ~StubRoutines::call_stub
V  [libjvm.dylib+0x2eab02]
V  [libjvm.dylib+0x321bab]
V  [libjvm.dylib+0x31437f]
C  [libnativewindow_macosx.jnilib+0x5326]  Java_jogamp_nativewindow_jawt_macosx_MacOSXJAWTWindow_UnsetJAWTRootSurfaceLayer0+0x2b6
C  [Foundation+0x92dd0]  __NSThreadPerformPerform+0x125
C  [CoreFoundation+0x80a01]  __CFRUNLOOP_IS_CALLING_OUT_TO_A_SOURCE0_PERFORM_FUNCTION__+0x11
C  [CoreFoundation+0x72c5c]  __CFRunLoopDoSources0+0x1dc
C  [CoreFoundation+0x721bf]  __CFRunLoopRun+0x39f
C  [CoreFoundation+0x71bd8]  CFRunLoopRunSpecific+0x128
C  [HIToolbox+0x3256f]  RunCurrentEventLoopInMode+0xeb
C  [HIToolbox+0x321ee]  ReceiveNextEventCommon+0xb3
C  [HIToolbox+0x3212b]  _BlockUntilNextEventMatchingListInModeWithFilter+0x47
C  [AppKit+0x918ab]  _DPSNextEvent+0x3d2
C  [AppKit+0x90e58]  -[NSApplication nextEventMatchingMask:untilDate:inMode:dequeue:]+0x15a
C  [libosxapp.dylib+0x23aa]  -[NSApplicationAWT nextEventMatchingMask:untilDate:inMode:dequeue:]+0x7c
C  [AppKit+0x86af3]  -[NSApplication run]+0x252
C  [libosxapp.dylib+0x214d]  +[NSApplicationAWT runAWTLoopWithApp:]+0x9c
C  [libawt_lwawt.dylib+0x44517]  -[AWTStarter starter:]+0x389
C  [Foundation+0x92dd0]  __NSThreadPerformPerform+0x125
C  [CoreFoundation+0x80a01]  __CFRUNLOOP_IS_CALLING_OUT_TO_A_SOURCE0_PERFORM_FUNCTION__+0x11
C  [CoreFoundation+0x72b8d]  __CFRunLoopDoSources0+0x10d
C  [CoreFoundation+0x721bf]  __CFRunLoopRun+0x39f
C  [CoreFoundation+0x71bd8]  CFRunLoopRunSpecific+0x128
C  [java+0x6463]  CreateExecutionEnvironment+0x367
C  [java+0x21ac]  JLI_Launch+0x7a0
C  [java+0x84c0]  main+0x65
C  [java+0x1a04]  start+0x34
C  0x0000000000000007

Java frames: (J=compiled Java code, j=interpreted, Vv=VM code)
j  jogamp.nativewindow.jawt.macosx.MacOSXJAWTWindow.UnsetJAWTRootSurfaceLayer0(JJ)V+0
j  jogamp.nativewindow.jawt.macosx.MacOSXJAWTWindow.access$200(JJ)V+2
j  jogamp.nativewindow.jawt.macosx.MacOSXJAWTWindow$1.run()V+38
J 2537 C1 com.jogamp.common.util.RunnableTask.run()V (345 bytes) @ 0x000000010f763d54 [0x000000010f763bc0+0x194]
v  ~StubRoutines::call_stub

---------------  P R O C E S S  ---------------

Java Threads: ( => current thread )
  0x00007fc7818c7000 JavaThread "Thread-19" [_thread_blocked, id=64535, stack(0x000000017d9ac000,0x000000017daac000)]
  0x00007fc781db5800 JavaThread "Keep-Alive-Timer" daemon [_thread_blocked, id=62511, stack(0x000000017d6a9000,0x000000017d7a9000)]
  0x00007fc782aae000 JavaThread "AWT-EventQueue-1" [_thread_in_native, id=56603, stack(0x0000000176c6e000,0x0000000176d6e000)]
  0x00007fc7818e6000 JavaThread "DestroyJavaVM" [_thread_blocked, id=4867, stack(0x000000010d69c000,0x000000010d79c000)]
  0x00007fc782972000 JavaThread "AWT-EventQueue-0" [_thread_blocked, id=54019, stack(0x000000012ace9000,0x000000012ade9000)]
  0x00007fc7832a3000 JavaThread "Java2D Disposer" daemon [_thread_blocked, id=50967, stack(0x0000000129b06000,0x0000000129c06000)]
  0x00007fc782920000 JavaThread "Java2D Queue Flusher" daemon [_thread_blocked, id=48399, stack(0x0000000128af2000,0x0000000128bf2000)]
  0x00007fc781807000 JavaThread "AWT-Shutdown" [_thread_blocked, id=27923, stack(0x000000012617b000,0x000000012627b000)]
=>0x00007fc7828b4800 JavaThread "AWT-AppKit" daemon [_thread_in_native, id=1811, stack(0x00007fff51e7b000,0x00007fff5267b000)]
  0x00007fc782023000 JavaThread "Service Thread" daemon [_thread_blocked, id=18179, stack(0x00000001247c2000,0x00000001248c2000)]
  0x00007fc78302d800 JavaThread "C1 CompilerThread2" daemon [_thread_blocked, id=17667, stack(0x00000001246bf000,0x00000001247bf000)]
  0x00007fc78302d000 JavaThread "C2 CompilerThread1" daemon [_thread_blocked, id=17155, stack(0x00000001245bc000,0x00000001246bc000)]
  0x00007fc782833000 JavaThread "C2 CompilerThread0" daemon [_thread_blocked, id=16643, stack(0x00000001244b9000,0x00000001245b9000)]
  0x00007fc78281a000 JavaThread "Signal Dispatcher" daemon [_thread_blocked, id=13579, stack(0x00000001243b6000,0x00000001244b6000)]
  0x00007fc782801800 JavaThread "Finalizer" daemon [_thread_blocked, id=11523, stack(0x0000000122995000,0x0000000122a95000)]
  0x00007fc783026800 JavaThread "Reference Handler" daemon [_thread_blocked, id=11011, stack(0x0000000122892000,0x0000000122992000)]

Other Threads:
  0x00007fc783024000 VMThread [stack: 0x000000012278f000,0x000000012288f000] [id=10499]
  0x00007fc78302a000 WatcherThread [stack: 0x00000001248c5000,0x00000001249c5000] [id=18691]

VM state:not at safepoint (normal execution)

VM Mutex/Monitor currently owned by a thread: None

Heap:
 PSYoungGen      total 47616K, used 7894K [0x00000007aab00000, 0x00000007aed80000, 0x00000007c0000000)
  eden space 37888K, 3% used [0x00000007aab00000,0x00000007aac56670,0x00000007ad000000)
  from space 9728K, 67% used [0x00000007ad000000,0x00000007ad65f520,0x00000007ad980000)
  to   space 9728K, 0% used [0x00000007ae400000,0x00000007ae400000,0x00000007aed80000)
 ParOldGen       total 36864K, used 15380K [0x0000000780000000, 0x0000000782400000, 0x00000007aab00000)
  object space 36864K, 41% used [0x0000000780000000,0x0000000780f05248,0x0000000782400000)
 Metaspace       used 25459K, capacity 25727K, committed 26112K, reserved 1073152K
  class space    used 2595K, capacity 2708K, committed 2816K, reserved 1048576K

Card table byte_map: [0x000000011e349000,0x000000011e54a000] byte_map_base: 0x000000011a749000

Marking Bits: (ParMarkBitMap*) 0x000000010e8dee20
 Begin Bits: [0x000000011eaac000, 0x000000011faac000)
 End Bits:   [0x000000011faac000, 0x0000000120aac000)

Polling page: 0x000000010d7e1000

CodeCache: size=245760Kb used=10284Kb max_used=10284Kb free=235475Kb
 bounds [0x000000010ef89000, 0x000000010f9a9000, 0x000000011df89000]
 total_blobs=3932 nmethods=3003 adapters=842
 compilation: enabled

Compilation events (10 events):
Event: 12.378 Thread 0x00007fc78302d800 3280       1       sun.java2d.SurfaceData::isValid (5 bytes)
Event: 12.378 Thread 0x00007fc78302d800 nmethod 3280 0x000000010f99ff50 code [0x000000010f9a00a0, 0x000000010f9a01b0]
Event: 12.391 Thread 0x00007fc78302d800 3281       3       java.util.HashMap::putVal (300 bytes)
Event: 12.394 Thread 0x00007fc78302d800 nmethod 3281 0x000000010f9a1a10 code [0x000000010f9a1c80, 0x000000010f9a2f38]
Event: 12.403 Thread 0x00007fc78302d800 3282       1       sun.java2d.StateTrackableDelegate::markDirty (6 bytes)
Event: 12.403 Thread 0x00007fc78302d800 nmethod 3282 0x000000010f99ead0 code [0x000000010f99ec20, 0x000000010f99ed50]
Event: 12.403 Thread 0x00007fc78302d800 3283       3       sun.java2d.SurfaceData::markDirty (8 bytes)
Event: 12.403 Thread 0x00007fc78302d800 nmethod 3283 0x000000010f99e650 code [0x000000010f99e7c0, 0x000000010f99ea10]
Event: 12.403 Thread 0x00007fc78302d800 3284       3       java.awt.Component::isEnabled (5 bytes)
Event: 12.403 Thread 0x00007fc78302d800 nmethod 3284 0x000000010f99e290 code [0x000000010f99e400, 0x000000010f99e5f0]

GC Heap History (10 events):
Event: 5.217 GC heap before
{Heap before GC invocations=6 (full 1):
 PSYoungGen      total 18944K, used 16384K [0x00000007aab00000, 0x00000007ac000000, 0x00000007c0000000)
  eden space 16384K, 100% used [0x00000007aab00000,0x00000007abb00000,0x00000007abb00000)
  from space 2560K, 0% used [0x00000007abd80000,0x00000007abd80000,0x00000007ac000000)
  to   space 2560K, 0% used [0x00000007abb00000,0x00000007abb00000,0x00000007abd80000)
 ParOldGen       total 36864K, used 8103K [0x0000000780000000, 0x0000000782400000, 0x00000007aab00000)
  object space 36864K, 21% used [0x0000000780000000,0x00000007807e9ea8,0x0000000782400000)
 Metaspace       used 22083K, capacity 22339K, committed 22656K, reserved 1069056K
  class space    used 2339K, capacity 2416K, committed 2432K, reserved 1048576K
Event: 5.222 GC heap after
Heap after GC invocations=6 (full 1):
 PSYoungGen      total 18944K, used 2544K [0x00000007aab00000, 0x00000007ad180000, 0x00000007c0000000)
  eden space 16384K, 0% used [0x00000007aab00000,0x00000007aab00000,0x00000007abb00000)
  from space 2560K, 99% used [0x00000007abb00000,0x00000007abd7c320,0x00000007abd80000)
  to   space 7168K, 0% used [0x00000007aca80000,0x00000007aca80000,0x00000007ad180000)
 ParOldGen       total 36864K, used 9027K [0x0000000780000000, 0x0000000782400000, 0x00000007aab00000)
  object space 36864K, 24% used [0x0000000780000000,0x00000007808d0ed0,0x0000000782400000)
 Metaspace       used 22083K, capacity 22339K, committed 22656K, reserved 1069056K
  class space    used 2339K, capacity 2416K, committed 2432K, reserved 1048576K
}
Event: 5.824 GC heap before
{Heap before GC invocations=7 (full 1):
 PSYoungGen      total 18944K, used 18802K [0x00000007aab00000, 0x00000007ad180000, 0x00000007c0000000)
  eden space 16384K, 99% used [0x00000007aab00000,0x00000007abae0840,0x00000007abb00000)
  from space 2560K, 99% used [0x00000007abb00000,0x00000007abd7c320,0x00000007abd80000)
  to   space 7168K, 0% used [0x00000007aca80000,0x00000007aca80000,0x00000007ad180000)
 ParOldGen       total 36864K, used 9027K [0x0000000780000000, 0x0000000782400000, 0x00000007aab00000)
  object space 36864K, 24% used [0x0000000780000000,0x00000007808d0ed0,0x0000000782400000)
 Metaspace       used 24132K, capacity 24431K, committed 24704K, reserved 1071104K
  class space    used 2535K, capacity 2642K, committed 2688K, reserved 1048576K
Event: 5.832 GC heap after
Heap after GC invocations=7 (full 1):
 PSYoungGen      total 32256K, used 5865K [0x00000007aab00000, 0x00000007ad200000, 0x00000007c0000000)
  eden space 25088K, 0% used [0x00000007aab00000,0x00000007aab00000,0x00000007ac380000)
  from space 7168K, 81% used [0x00000007aca80000,0x00000007ad03a578,0x00000007ad180000)
  to   space 7168K, 0% used [0x00000007ac380000,0x00000007ac380000,0x00000007aca80000)
 ParOldGen       total 36864K, used 11560K [0x0000000780000000, 0x0000000782400000, 0x00000007aab00000)
  object space 36864K, 31% used [0x0000000780000000,0x0000000780b4a2b0,0x0000000782400000)
 Metaspace       used 24132K, capacity 24431K, committed 24704K, reserved 1071104K
  class space    used 2535K, capacity 2642K, committed 2688K, reserved 1048576K
}
Event: 6.551 GC heap before
{Heap before GC invocations=8 (full 1):
 PSYoungGen      total 32256K, used 30953K [0x00000007aab00000, 0x00000007ad200000, 0x00000007c0000000)
  eden space 25088K, 100% used [0x00000007aab00000,0x00000007ac380000,0x00000007ac380000)
  from space 7168K, 81% used [0x00000007aca80000,0x00000007ad03a578,0x00000007ad180000)
  to   space 7168K, 0% used [0x00000007ac380000,0x00000007ac380000,0x00000007aca80000)
 ParOldGen       total 36864K, used 11560K [0x0000000780000000, 0x0000000782400000, 0x00000007aab00000)
  object space 36864K, 31% used [0x0000000780000000,0x0000000780b4a2b0,0x0000000782400000)
 Metaspace       used 24793K, capacity 25049K, committed 25216K, reserved 1071104K
  class space    used 2565K, capacity 2675K, committed 2688K, reserved 1048576K
Event: 6.561 GC heap after
Heap after GC invocations=8 (full 1):
 PSYoungGen      total 32256K, used 7137K [0x00000007aab00000, 0x00000007ae480000, 0x00000007c0000000)
  eden space 25088K, 0% used [0x00000007aab00000,0x00000007aab00000,0x00000007ac380000)
  from space 7168K, 99% used [0x00000007ac380000,0x00000007aca78418,0x00000007aca80000)
  to   space 9728K, 0% used [0x00000007adb00000,0x00000007adb00000,0x00000007ae480000)
 ParOldGen       total 36864K, used 14344K [0x0000000780000000, 0x0000000782400000, 0x00000007aab00000)
  object space 36864K, 38% used [0x0000000780000000,0x0000000780e02140,0x0000000782400000)
 Metaspace       used 24793K, capacity 25049K, committed 25216K, reserved 1071104K
  class space    used 2565K, capacity 2675K, committed 2688K, reserved 1048576K
}
Event: 8.963 GC heap before
{Heap before GC invocations=9 (full 1):
 PSYoungGen      total 32256K, used 32225K [0x00000007aab00000, 0x00000007ae480000, 0x00000007c0000000)
  eden space 25088K, 100% used [0x00000007aab00000,0x00000007ac380000,0x00000007ac380000)
  from space 7168K, 99% used [0x00000007ac380000,0x00000007aca78418,0x00000007aca80000)
  to   space 9728K, 0% used [0x00000007adb00000,0x00000007adb00000,0x00000007ae480000)
 ParOldGen       total 36864K, used 14344K [0x0000000780000000, 0x0000000782400000, 0x00000007aab00000)
  object space 36864K, 38% used [0x0000000780000000,0x0000000780e02140,0x0000000782400000)
 Metaspace       used 25071K, capacity 25311K, committed 25472K, reserved 1073152K
  class space    used 2566K, capacity 2676K, committed 2688K, reserved 1048576K
Event: 8.971 GC heap after
Heap after GC invocations=9 (full 1):
 PSYoungGen      total 46080K, used 7184K [0x00000007aab00000, 0x00000007ae300000, 0x00000007c0000000)
  eden space 37888K, 0% used [0x00000007aab00000,0x00000007aab00000,0x00000007ad000000)
  from space 8192K, 87% used [0x00000007adb00000,0x00000007ae2043f8,0x00000007ae300000)
  to   space 9728K, 0% used [0x00000007ad000000,0x00000007ad000000,0x00000007ad980000)
 ParOldGen       total 36864K, used 14416K [0x0000000780000000, 0x0000000782400000, 0x00000007aab00000)
  object space 36864K, 39% used [0x0000000780000000,0x0000000780e14150,0x0000000782400000)
 Metaspace       used 25071K, capacity 25311K, committed 25472K, reserved 1073152K
  class space    used 2566K, capacity 2676K, committed 2688K, reserved 1048576K
}
Event: 12.379 GC heap before
{Heap before GC invocations=10 (full 1):
 PSYoungGen      total 46080K, used 45072K [0x00000007aab00000, 0x00000007ae300000, 0x00000007c0000000)
  eden space 37888K, 100% used [0x00000007aab00000,0x00000007ad000000,0x00000007ad000000)
  from space 8192K, 87% used [0x00000007adb00000,0x00000007ae2043f8,0x00000007ae300000)
  to   space 9728K, 0% used [0x00000007ad000000,0x00000007ad000000,0x00000007ad980000)
 ParOldGen       total 36864K, used 14416K [0x0000000780000000, 0x0000000782400000, 0x00000007aab00000)
  object space 36864K, 39% used [0x0000000780000000,0x0000000780e14150,0x0000000782400000)
 Metaspace       used 25437K, capacity 25695K, committed 25984K, reserved 1073152K
  class space    used 2590K, capacity 2676K, committed 2688K, reserved 1048576K
Event: 12.391 GC heap after
Heap after GC invocations=10 (full 1):
 PSYoungGen      total 47616K, used 6525K [0x00000007aab00000, 0x00000007aed80000, 0x00000007c0000000)
  eden space 37888K, 0% used [0x00000007aab00000,0x00000007aab00000,0x00000007ad000000)
  from space 9728K, 67% used [0x00000007ad000000,0x00000007ad65f520,0x00000007ad980000)
  to   space 9728K, 0% used [0x00000007ae400000,0x00000007ae400000,0x00000007aed80000)
 ParOldGen       total 36864K, used 15380K [0x0000000780000000, 0x0000000782400000, 0x00000007aab00000)
  object space 36864K, 41% used [0x0000000780000000,0x0000000780f05248,0x0000000782400000)
 Metaspace       used 25437K, capacity 25695K, committed 25984K, reserved 1073152K
  class space    used 2590K, capacity 2676K, committed 2688K, reserved 1048576K
}

Deoptimization events (10 events):
Event: 9.263 Thread 0x00007fc782aae000 Uncommon trap: reason=unstable_if action=reinterpret pc=0x000000010f719ee0 method=processing.opengl.PGraphicsOpenGL.tessellate(I)V @ 389
Event: 9.332 Thread 0x00007fc782aae000 Uncommon trap: reason=class_check action=maybe_recompile pc=0x000000010f81be98 method=module6.CommonMarker.draw(Lprocessing/core/PGraphics;FF)V @ 25
Event: 9.348 Thread 0x00007fc782aae000 Uncommon trap: reason=class_check action=maybe_recompile pc=0x000000010f81be98 method=module6.CommonMarker.draw(Lprocessing/core/PGraphics;FF)V @ 25
Event: 9.730 Thread 0x00007fc782aae000 Uncommon trap: reason=class_check action=maybe_recompile pc=0x000000010f81be98 method=module6.CommonMarker.draw(Lprocessing/core/PGraphics;FF)V @ 25
Event: 12.345 Thread 0x00007fc782aae000 Uncommon trap: reason=unstable_if action=reinterpret pc=0x000000010f7c5b28 method=com.jogamp.common.util.VersionNumber.compareTo(Lcom/jogamp/common/util/VersionNumber;)I @ 21
Event: 12.349 Thread 0x00007fc782972000 Uncommon trap: reason=unstable_if action=reinterpret pc=0x000000010f7eff14 method=java.awt.Font.equals(Ljava/lang/Object;)Z @ 2
Event: 12.376 Thread 0x00007fc7832ab800 Uncommon trap: reason=unstable_if action=reinterpret pc=0x000000010f3919d0 method=java.util.HashMap.putVal(ILjava/lang/Object;Ljava/lang/Object;ZZ)Ljava/lang/Object; @ 81
Event: 12.376 Thread 0x00007fc7832ab800 Uncommon trap: reason=unstable_if action=reinterpret pc=0x000000010f485698 method=java.util.HashMap.putVal(ILjava/lang/Object;Ljava/lang/Object;ZZ)Ljava/lang/Object; @ 81
Event: 12.402 Thread 0x00007fc782aae000 Uncommon trap: reason=unstable_if action=reinterpret pc=0x000000010f8fad4c method=java.security.AccessControlContext.optimize()Ljava/security/AccessControlContext; @ 233
Event: 12.403 Thread 0x00007fc7818c7000 Uncommon trap: reason=predicate action=maybe_recompile pc=0x000000010f896400 method=java.util.Vector.indexOf(Ljava/lang/Object;I)I @ 44

Internal exceptions (10 events):
Event: 0.706 Thread 0x00007fc782806000 Exception <a 'java/io/FileNotFoundException'> (0x00000007aade1d18) thrown at [/Users/java_re/workspace/8-2-build-macosx-x86_64/jdk8u65/4987/hotspot/src/share/vm/prims/jni.cpp, line 709]
Event: 0.706 Thread 0x00007fc782806000 Exception <a 'java/io/FileNotFoundException'> (0x00000007aade2880) thrown at [/Users/java_re/workspace/8-2-build-macosx-x86_64/jdk8u65/4987/hotspot/src/share/vm/prims/jni.cpp, line 709]
Event: 0.855 Thread 0x00007fc782806000 Exception <a 'java/io/FileNotFoundException'> (0x00000007aaf41bf0) thrown at [/Users/java_re/workspace/8-2-build-macosx-x86_64/jdk8u65/4987/hotspot/src/share/vm/prims/jni.cpp, line 709]
Event: 2.890 Thread 0x00007fc782801800 Exception <a 'java/lang/NullPointerException'> (0x00000007aab8d388) thrown at [/Users/java_re/workspace/8-2-build-macosx-x86_64/jdk8u65/4987/hotspot/src/share/vm/interpreter/linkResolver.cpp, line 1178]
Event: 2.989 Thread 0x00007fc78347e000 Exception <a 'java/lang/UnsatisfiedLinkError': com.jogamp.common.util.JarUtil.fixNativeLibAttribs(Ljava/lang/String;)Z> (0x00000007aafc71f0) thrown at [/Users/java_re/workspace/8-2-build-macosx-x86_64/jdk8u65/4987/hotspot/src/share/vm/prims/nativeLookup.c
Event: 3.843 Thread 0x00007fc782aae000 Exception <a 'java/io/FileNotFoundException'> (0x00000007ab344bf0) thrown at [/Users/java_re/workspace/8-2-build-macosx-x86_64/jdk8u65/4987/hotspot/src/share/vm/prims/jni.cpp, line 709]
Event: 3.843 Thread 0x00007fc782aae000 Exception <a 'java/io/FileNotFoundException'> (0x00000007ab34d038) thrown at [/Users/java_re/workspace/8-2-build-macosx-x86_64/jdk8u65/4987/hotspot/src/share/vm/prims/jni.cpp, line 709]
Event: 3.844 Thread 0x00007fc782aae000 Implicit null exception at 0x000000010f1400f3 to 0x000000010f1404ad
Event: 3.922 Thread 0x00007fc782aae000 Exception <a 'java/io/FileNotFoundException'> (0x00000007ab7c3508) thrown at [/Users/java_re/workspace/8-2-build-macosx-x86_64/jdk8u65/4987/hotspot/src/share/vm/prims/jni.cpp, line 709]
Event: 3.923 Thread 0x00007fc782aae000 Exception <a 'java/io/FileNotFoundException'> (0x00000007ab7d1f10) thrown at [/Users/java_re/workspace/8-2-build-macosx-x86_64/jdk8u65/4987/hotspot/src/share/vm/prims/jni.cpp, line 709]

Events (10 events):
Event: 12.402 loading class java/awt/event/AWTEventListenerProxy
Event: 12.402 loading class java/awt/event/AWTEventListenerProxy done
Event: 12.402 loading class java/awt/Toolkit$ToolkitEventMulticaster
Event: 12.402 loading class java/awt/Toolkit$ToolkitEventMulticaster done
Event: 12.403 Thread 0x00007fc7832ab800 Thread exited: 0x00007fc7832ab800
Event: 12.403 Thread 0x00007fc7818c7000 Uncommon trap: trap_request=0xffffff86 fr.pc=0x000000010f896400
Event: 12.403 Thread 0x00007fc7818c7000 DEOPT PACKING pc=0x000000010f896400 sp=0x000000017daab780
Event: 12.403 Thread 0x00007fc7818c7000 DEOPT UNPACKING pc=0x000000010ef8e229 sp=0x000000017daab748 mode 2
Event: 12.403 loading class java/awt/Window$1DisposeAction
Event: 12.403 loading class java/awt/Window$1DisposeAction done


Dynamic libraries:
0x000000000d914000 	/System/Library/Frameworks/Cocoa.framework/Versions/A/Cocoa
0x000000000d914000 	/System/Library/Frameworks/Security.framework/Versions/A/Security
0x000000000d914000 	/System/Library/Frameworks/ApplicationServices.framework/Versions/A/ApplicationServices
0x000000000d914000 	/usr/lib/libz.1.dylib
0x000000000d914000 	/usr/lib/libSystem.B.dylib
0x000000000d914000 	/usr/lib/libobjc.A.dylib
0x000000000d914000 	/System/Library/Frameworks/CoreFoundation.framework/Versions/A/CoreFoundation
0x000000000d914000 	/System/Library/Frameworks/Foundation.framework/Versions/C/Foundation
0x000000000d914000 	/System/Library/Frameworks/AppKit.framework/Versions/C/AppKit
0x000000000d914000 	/System/Library/Frameworks/CoreData.framework/Versions/A/CoreData
0x000000000d914000 	/System/Library/PrivateFrameworks/RemoteViewServices.framework/Versions/A/RemoteViewServices
0x000000000d914000 	/System/Library/PrivateFrameworks/UIFoundation.framework/Versions/A/UIFoundation
0x000000000d914000 	/System/Library/Frameworks/IOSurface.framework/Versions/A/IOSurface
0x000000000d914000 	/System/Library/Frameworks/AudioToolbox.framework/Versions/A/AudioToolbox
0x000000000d914000 	/System/Library/Frameworks/AudioUnit.framework/Versions/A/AudioUnit
0x000000000d914000 	/System/Library/PrivateFrameworks/DataDetectorsCore.framework/Versions/A/DataDetectorsCore
0x000000000d914000 	/System/Library/PrivateFrameworks/DesktopServicesPriv.framework/Versions/A/DesktopServicesPriv
0x000000000d914000 	/System/Library/Frameworks/Carbon.framework/Versions/A/Frameworks/HIToolbox.framework/Versions/A/HIToolbox
0x000000000d914000 	/System/Library/Frameworks/QuartzCore.framework/Versions/A/QuartzCore
0x000000000d914000 	/System/Library/Frameworks/Carbon.framework/Versions/A/Frameworks/SpeechRecognition.framework/Versions/A/SpeechRecognition
0x000000000d914000 	/usr/lib/libauto.dylib
0x000000000d914000 	/usr/lib/libicucore.A.dylib
0x000000000d914000 	/usr/lib/libxml2.2.dylib
0x000000000d914000 	/System/Library/PrivateFrameworks/CoreUI.framework/Versions/A/CoreUI
0x000000000d914000 	/System/Library/Frameworks/CoreAudio.framework/Versions/A/CoreAudio
0x000000000d914000 	/System/Library/Frameworks/DiskArbitration.framework/Versions/A/DiskArbitration
0x000000000d914000 	/usr/lib/liblangid.dylib
0x000000000d914000 	/System/Library/PrivateFrameworks/MultitouchSupport.framework/Versions/A/MultitouchSupport
0x000000000d914000 	/System/Library/Frameworks/IOKit.framework/Versions/A/IOKit
0x000000000d914000 	/usr/lib/libDiagnosticMessagesClient.dylib
0x000000000d914000 	/System/Library/Frameworks/CoreServices.framework/Versions/A/CoreServices
0x000000000d914000 	/System/Library/PrivateFrameworks/PerformanceAnalysis.framework/Versions/A/PerformanceAnalysis
0x000000000d914000 	/System/Library/PrivateFrameworks/GenerationalStorage.framework/Versions/A/GenerationalStorage
0x000000000d914000 	/System/Library/Frameworks/OpenGL.framework/Versions/A/OpenGL
0x000000000d914000 	/System/Library/PrivateFrameworks/Sharing.framework/Versions/A/Sharing
0x000000000d914000 	/System/Library/Frameworks/CoreGraphics.framework/Versions/A/CoreGraphics
0x000000000d914000 	/System/Library/Frameworks/CoreText.framework/Versions/A/CoreText
0x000000000d914000 	/System/Library/Frameworks/ImageIO.framework/Versions/A/ImageIO
0x000000000d914000 	/usr/lib/libextension.dylib
0x000000000d914000 	/System/Library/PrivateFrameworks/Backup.framework/Versions/A/Backup
0x000000000d914000 	/usr/lib/libarchive.2.dylib
0x000000000d914000 	/System/Library/Frameworks/CFNetwork.framework/Versions/A/CFNetwork
0x000000000d914000 	/System/Library/Frameworks/SystemConfiguration.framework/Versions/A/SystemConfiguration
0x000000000d914000 	/usr/lib/libCRFSuite.dylib
0x000000000d914000 	/usr/lib/libc++.1.dylib
0x000000000d914000 	/usr/lib/libc++abi.dylib
0x000000000d914000 	/usr/lib/system/libcache.dylib
0x000000000d914000 	/usr/lib/system/libcommonCrypto.dylib
0x000000000d914000 	/usr/lib/system/libcompiler_rt.dylib
0x000000000d914000 	/usr/lib/system/libcopyfile.dylib
0x000000000d914000 	/usr/lib/system/libcorecrypto.dylib
0x000000000d914000 	/usr/lib/system/libdispatch.dylib
0x000000000d914000 	/usr/lib/system/libdyld.dylib
0x000000000d914000 	/usr/lib/system/libkeymgr.dylib
0x000000000d914000 	/usr/lib/system/liblaunch.dylib
0x000000000d914000 	/usr/lib/system/libmacho.dylib
0x000000000d914000 	/usr/lib/system/libquarantine.dylib
0x000000000d914000 	/usr/lib/system/libremovefile.dylib
0x000000000d914000 	/usr/lib/system/libsystem_asl.dylib
0x000000000d914000 	/usr/lib/system/libsystem_blocks.dylib
0x000000000d914000 	/usr/lib/system/libsystem_c.dylib
0x000000000d914000 	/usr/lib/system/libsystem_configuration.dylib
0x000000000d914000 	/usr/lib/system/libsystem_coreservices.dylib
0x000000000d914000 	/usr/lib/system/libsystem_coretls.dylib
0x000000000d914000 	/usr/lib/system/libsystem_dnssd.dylib
0x000000000d914000 	/usr/lib/system/libsystem_info.dylib
0x000000000d914000 	/usr/lib/system/libsystem_kernel.dylib
0x000000000d914000 	/usr/lib/system/libsystem_m.dylib
0x000000000d914000 	/usr/lib/system/libsystem_malloc.dylib
0x000000000d914000 	/usr/lib/system/libsystem_network.dylib
0x000000000d914000 	/usr/lib/system/libsystem_networkextension.dylib
0x000000000d914000 	/usr/lib/system/libsystem_notify.dylib
0x000000000d914000 	/usr/lib/system/libsystem_platform.dylib
0x000000000d914000 	/usr/lib/system/libsystem_pthread.dylib
0x000000000d914000 	/usr/lib/system/libsystem_sandbox.dylib
0x000000000d914000 	/usr/lib/system/libsystem_secinit.dylib
0x000000000d914000 	/usr/lib/system/libsystem_stats.dylib
0x000000000d914000 	/usr/lib/system/libsystem_trace.dylib
0x000000000d914000 	/usr/lib/system/libunc.dylib
0x000000000d914000 	/usr/lib/system/libunwind.dylib
0x000000000d914000 	/usr/lib/system/libxpc.dylib
0x000000000d914000 	/usr/lib/libbz2.1.0.dylib
0x000000000d914000 	/usr/lib/liblzma.5.dylib
0x000000000d914000 	/usr/lib/libbsm.0.dylib
0x000000000d914000 	/usr/lib/libsqlite3.dylib
0x000000000d914000 	/usr/lib/system/libkxld.dylib
0x000000000d914000 	/usr/lib/libxar.1.dylib
0x000000000d914000 	/usr/lib/libpam.2.dylib
0x000000000d914000 	/usr/lib/libOpenScriptingUtil.dylib
0x000000000d914000 	/System/Library/Frameworks/CoreServices.framework/Versions/A/Frameworks/FSEvents.framework/Versions/A/FSEvents
0x000000000d914000 	/System/Library/Frameworks/CoreServices.framework/Versions/A/Frameworks/CarbonCore.framework/Versions/A/CarbonCore
0x000000000d914000 	/System/Library/Frameworks/CoreServices.framework/Versions/A/Frameworks/Metadata.framework/Versions/A/Metadata
0x000000000d914000 	/System/Library/Frameworks/CoreServices.framework/Versions/A/Frameworks/OSServices.framework/Versions/A/OSServices
0x000000000d914000 	/System/Library/Frameworks/CoreServices.framework/Versions/A/Frameworks/SearchKit.framework/Versions/A/SearchKit
0x000000000d914000 	/System/Library/Frameworks/CoreServices.framework/Versions/A/Frameworks/AE.framework/Versions/A/AE
0x000000000d914000 	/System/Library/Frameworks/CoreServices.framework/Versions/A/Frameworks/LaunchServices.framework/Versions/A/LaunchServices
0x000000000d914000 	/System/Library/Frameworks/CoreServices.framework/Versions/A/Frameworks/DictionaryServices.framework/Versions/A/DictionaryServices
0x000000000d914000 	/System/Library/Frameworks/NetFS.framework/Versions/A/NetFS
0x000000000d914000 	/System/Library/PrivateFrameworks/NetAuth.framework/Versions/A/NetAuth
0x000000000d914000 	/System/Library/PrivateFrameworks/login.framework/Versions/A/Frameworks/loginsupport.framework/Versions/A/loginsupport
0x000000000d914000 	/System/Library/PrivateFrameworks/TCC.framework/Versions/A/TCC
0x000000000d914000 	/usr/lib/libmecabra.dylib
0x000000000d914000 	/System/Library/Frameworks/ApplicationServices.framework/Versions/A/Frameworks/ATS.framework/Versions/A/ATS
0x000000000d914000 	/System/Library/Frameworks/ApplicationServices.framework/Versions/A/Frameworks/ColorSync.framework/Versions/A/ColorSync
0x000000000d914000 	/System/Library/Frameworks/ApplicationServices.framework/Versions/A/Frameworks/HIServices.framework/Versions/A/HIServices
0x000000000d914000 	/System/Library/Frameworks/ApplicationServices.framework/Versions/A/Frameworks/LangAnalysis.framework/Versions/A/LangAnalysis
0x000000000d914000 	/System/Library/Frameworks/ApplicationServices.framework/Versions/A/Frameworks/PrintCore.framework/Versions/A/PrintCore
0x000000000d914000 	/System/Library/Frameworks/ApplicationServices.framework/Versions/A/Frameworks/QD.framework/Versions/A/QD
0x000000000d914000 	/System/Library/Frameworks/ApplicationServices.framework/Versions/A/Frameworks/SpeechSynthesis.framework/Versions/A/SpeechSynthesis
0x000000000d914000 	/System/Library/Frameworks/Accelerate.framework/Versions/A/Accelerate
0x000000000d914000 	/System/Library/Frameworks/Accelerate.framework/Versions/A/Frameworks/vImage.framework/Versions/A/vImage
0x000000000d914000 	/System/Library/Frameworks/Accelerate.framework/Versions/A/Frameworks/vecLib.framework/Versions/A/vecLib
0x000000000d914000 	/System/Library/Frameworks/Accelerate.framework/Versions/A/Frameworks/vecLib.framework/Versions/A/libvDSP.dylib
0x000000000d914000 	/System/Library/Frameworks/Accelerate.framework/Versions/A/Frameworks/vecLib.framework/Versions/A/libvMisc.dylib
0x000000000d914000 	/System/Library/Frameworks/Accelerate.framework/Versions/A/Frameworks/vecLib.framework/Versions/A/libLAPACK.dylib
0x000000000d914000 	/System/Library/Frameworks/Accelerate.framework/Versions/A/Frameworks/vecLib.framework/Versions/A/libBLAS.dylib
0x000000000d914000 	/System/Library/Frameworks/Accelerate.framework/Versions/A/Frameworks/vecLib.framework/Versions/A/libLinearAlgebra.dylib
0x000000000d914000 	/System/Library/Frameworks/ApplicationServices.framework/Versions/A/Frameworks/ATS.framework/Versions/A/Resources/libFontParser.dylib
0x000000000d914000 	/System/Library/Frameworks/ApplicationServices.framework/Versions/A/Frameworks/ATS.framework/Versions/A/Resources/libFontRegistry.dylib
0x000000000d914000 	/System/Library/PrivateFrameworks/AppleVPA.framework/Versions/A/AppleVPA
0x000000000d914000 	/System/Library/PrivateFrameworks/AppleJPEG.framework/Versions/A/AppleJPEG
0x000000000d914000 	/System/Library/Frameworks/ImageIO.framework/Versions/A/Resources/libJPEG.dylib
0x000000000d914000 	/System/Library/Frameworks/ImageIO.framework/Versions/A/Resources/libTIFF.dylib
0x000000000d914000 	/System/Library/Frameworks/ImageIO.framework/Versions/A/Resources/libPng.dylib
0x000000000d914000 	/System/Library/Frameworks/ImageIO.framework/Versions/A/Resources/libGIF.dylib
0x000000000d914000 	/System/Library/Frameworks/ImageIO.framework/Versions/A/Resources/libJP2.dylib
0x000000000d914000 	/System/Library/Frameworks/ImageIO.framework/Versions/A/Resources/libRadiance.dylib
0x000000000d914000 	/System/Library/Frameworks/CoreVideo.framework/Versions/A/CoreVideo
0x000000000d914000 	/System/Library/Frameworks/OpenGL.framework/Versions/A/Libraries/libGLU.dylib
0x000000000d914000 	/System/Library/Frameworks/OpenGL.framework/Versions/A/Libraries/libGFXShared.dylib
0x000000000d914000 	/System/Library/Frameworks/OpenGL.framework/Versions/A/Libraries/libGL.dylib
0x000000000d914000 	/System/Library/Frameworks/OpenGL.framework/Versions/A/Libraries/libGLImage.dylib
0x000000000d914000 	/System/Library/Frameworks/OpenGL.framework/Versions/A/Libraries/libCVMSPluginSupport.dylib
0x000000000d914000 	/System/Library/Frameworks/OpenGL.framework/Versions/A/Libraries/libCoreVMClient.dylib
0x000000000d914000 	/usr/lib/libcups.2.dylib
0x000000000d914000 	/System/Library/Frameworks/Kerberos.framework/Versions/A/Kerberos
0x000000000d914000 	/System/Library/Frameworks/GSS.framework/Versions/A/GSS
0x000000000d914000 	/usr/lib/libresolv.9.dylib
0x000000000d914000 	/usr/lib/libiconv.2.dylib
0x000000000d914000 	/System/Library/PrivateFrameworks/Heimdal.framework/Versions/A/Heimdal
0x000000000d914000 	/usr/lib/libheimdal-asn1.dylib
0x000000000d914000 	/System/Library/Frameworks/OpenDirectory.framework/Versions/A/OpenDirectory
0x000000000d914000 	/System/Library/PrivateFrameworks/CommonAuth.framework/Versions/A/CommonAuth
0x000000000d914000 	/System/Library/Frameworks/OpenDirectory.framework/Versions/A/Frameworks/CFOpenDirectory.framework/Versions/A/CFOpenDirectory
0x000000000d914000 	/System/Library/Frameworks/SecurityFoundation.framework/Versions/A/SecurityFoundation
0x000000000d914000 	/System/Library/PrivateFrameworks/LanguageModeling.framework/Versions/A/LanguageModeling
0x000000000d914000 	/usr/lib/libcmph.dylib
0x000000000d914000 	/System/Library/Frameworks/ServiceManagement.framework/Versions/A/ServiceManagement
0x000000000d914000 	/usr/lib/libxslt.1.dylib
0x000000000d914000 	/System/Library/Frameworks/Carbon.framework/Versions/A/Frameworks/Ink.framework/Versions/A/Ink
0x000000000d914000 	/System/Library/Frameworks/QuartzCore.framework/Versions/A/Frameworks/CoreImage.framework/Versions/A/CoreImage
0x000000000d914000 	/System/Library/PrivateFrameworks/CrashReporterSupport.framework/Versions/A/CrashReporterSupport
0x000000000d914000 	/System/Library/Frameworks/OpenCL.framework/Versions/A/OpenCL
0x000000000d914000 	/System/Library/PrivateFrameworks/FaceCore.framework/Versions/A/FaceCore
0x000000000d914000 	/System/Library/PrivateFrameworks/Ubiquity.framework/Versions/A/Ubiquity
0x000000000d914000 	/System/Library/PrivateFrameworks/IconServices.framework/Versions/A/IconServices
0x000000000d914000 	/System/Library/PrivateFrameworks/ChunkingLibrary.framework/Versions/A/ChunkingLibrary
0x000000000d914000 	/System/Library/PrivateFrameworks/Apple80211.framework/Versions/A/Apple80211
0x000000000d914000 	/System/Library/Frameworks/CoreWLAN.framework/Versions/A/CoreWLAN
0x000000000d914000 	/System/Library/Frameworks/IOBluetooth.framework/Versions/A/IOBluetooth
0x000000000d914000 	/System/Library/PrivateFrameworks/CoreWiFi.framework/Versions/A/CoreWiFi
0x000000000d914000 	/System/Library/Frameworks/CoreBluetooth.framework/Versions/A/CoreBluetooth
0x000000000d914000 	/System/Library/PrivateFrameworks/DebugSymbols.framework/Versions/A/DebugSymbols
0x000000000d914000 	/System/Library/PrivateFrameworks/CoreSymbolication.framework/Versions/A/CoreSymbolication
0x000000000d914000 	/System/Library/PrivateFrameworks/Symbolication.framework/Versions/A/Symbolication
0x000000000d914000 	/System/Library/PrivateFrameworks/SpeechRecognitionCore.framework/Versions/A/SpeechRecognitionCore
0x000000010e000000 	/Library/Java/JavaVirtualMachines/jdk1.8.0_65.jdk/Contents/Home/jre/lib/server/libjvm.dylib
0x000000000d914000 	/usr/lib/libstdc++.6.dylib
0x000000010d79e000 	/Library/Java/JavaVirtualMachines/jdk1.8.0_65.jdk/Contents/Home/jre/lib/libverify.dylib
0x000000010d7ac000 	/Library/Java/JavaVirtualMachines/jdk1.8.0_65.jdk/Contents/Home/jre/lib/libjava.dylib
0x000000010d7eb000 	/Library/Java/JavaVirtualMachines/jdk1.8.0_65.jdk/Contents/Home/jre/lib/libzip.dylib
0x0000000122a97000 	/System/Library/Frameworks/JavaVM.framework/Frameworks/JavaRuntimeSupport.framework/JavaRuntimeSupport
0x0000000122aaf000 	/System/Library/Frameworks/JavaVM.framework/Versions/A/Frameworks/JavaNativeFoundation.framework/Versions/A/JavaNativeFoundation
0x0000000122ac4000 	/System/Library/Frameworks/JavaVM.framework/Versions/A/JavaVM
0x000000000d914000 	/System/Library/Frameworks/Carbon.framework/Versions/A/Carbon
0x0000000122ad1000 	/System/Library/PrivateFrameworks/JavaLaunching.framework/Versions/A/JavaLaunching
0x000000000d914000 	/System/Library/Frameworks/Carbon.framework/Versions/A/Frameworks/CommonPanels.framework/Versions/A/CommonPanels
0x000000000d914000 	/System/Library/Frameworks/Carbon.framework/Versions/A/Frameworks/Help.framework/Versions/A/Help
0x000000000d914000 	/System/Library/Frameworks/Carbon.framework/Versions/A/Frameworks/ImageCapture.framework/Versions/A/ImageCapture
0x000000000d914000 	/System/Library/Frameworks/Carbon.framework/Versions/A/Frameworks/OpenScripting.framework/Versions/A/OpenScripting
0x000000000d914000 	/System/Library/Frameworks/Carbon.framework/Versions/A/Frameworks/Print.framework/Versions/A/Print
0x000000000d914000 	/System/Library/Frameworks/Carbon.framework/Versions/A/Frameworks/SecurityHI.framework/Versions/A/SecurityHI
0x00000001249fd000 	/Library/Java/JavaVirtualMachines/jdk1.8.0_65.jdk/Contents/Home/jre/lib/libawt.dylib
0x0000000124aa5000 	/Library/Java/JavaVirtualMachines/jdk1.8.0_65.jdk/Contents/Home/jre/lib/./libmlib_image.dylib
0x0000000124b71000 	/Library/Java/JavaVirtualMachines/jdk1.8.0_65.jdk/Contents/Home/jre/lib/libawt_lwawt.dylib
0x0000000124c26000 	/Library/Java/JavaVirtualMachines/jdk1.8.0_65.jdk/Contents/Home/jre/lib/./libosxapp.dylib
0x000000000d914000 	/System/Library/Frameworks/ExceptionHandling.framework/Versions/A/ExceptionHandling
0x000000000d914000 	/System/Library/PrivateFrameworks/CoreServicesInternal.framework/Versions/A/CoreServicesInternal
0x000000000d914000 	/System/Library/PrivateFrameworks/CloudDocs.framework/Versions/A/CloudDocs
0x000000000d914000 	/System/Library/PrivateFrameworks/CoreDuet.framework/Versions/A/CoreDuet
0x000000000d914000 	/System/Library/Frameworks/CloudKit.framework/Versions/A/CloudKit
0x000000000d914000 	/System/Library/PrivateFrameworks/ProtocolBuffer.framework/Versions/A/ProtocolBuffer
0x000000000d914000 	/System/Library/PrivateFrameworks/CoreDuetDaemonProtocol.framework/Versions/A/CoreDuetDaemonProtocol
0x000000000d914000 	/System/Library/PrivateFrameworks/CoreDuetDebugLogging.framework/Versions/A/CoreDuetDebugLogging
0x000000000d914000 	/System/Library/PrivateFrameworks/MMCS.framework/Versions/A/MMCS
0x000000000d914000 	/System/Library/Frameworks/CoreLocation.framework/Versions/A/CoreLocation
0x000000000d914000 	/System/Library/PrivateFrameworks/ProtectedCloudStorage.framework/Versions/A/ProtectedCloudStorage
0x000000000d914000 	/System/Library/PrivateFrameworks/GeoServices.framework/Versions/A/GeoServices
0x000000000d914000 	/System/Library/Frameworks/CoreGraphics.framework/Versions/A/Resources/libCGCMS.A.dylib
0x000000000d914000 	/System/Library/Frameworks/CoreGraphics.framework/Versions/A/Resources/libRIP.A.dylib
0x000000000d914000 	/System/Library/Frameworks/CoreGraphics.framework/Versions/A/Resources/libCGXType.A.dylib
0x000000000d914000 	/System/Library/Frameworks/OpenCL.framework/Versions/A/Libraries/libcldcpuengine.dylib
0x000000000d914000 	/System/Library/PrivateFrameworks/DiskImages.framework/Versions/A/DiskImages
0x000000000d914000 	/System/Library/Frameworks/DiscRecording.framework/Versions/A/DiscRecording
0x000000000d914000 	/usr/lib/libcsfde.dylib
0x000000000d914000 	/usr/lib/libcurl.4.dylib
0x000000000d914000 	/System/Library/PrivateFrameworks/MediaKit.framework/Versions/A/MediaKit
0x000000000d914000 	/usr/lib/libCoreStorage.dylib
0x000000000d914000 	/System/Library/PrivateFrameworks/EFILogin.framework/Versions/A/EFILogin
0x000000000d914000 	/usr/lib/libutil.dylib
0x000000000d914000 	/System/Library/PrivateFrameworks/FindMyDevice.framework/Versions/A/FindMyDevice
0x000000000d914000 	/System/Library/Frameworks/LDAP.framework/Versions/A/LDAP
0x000000000d914000 	/usr/lib/libsasl2.2.dylib
0x000000000d914000 	/System/Library/PrivateFrameworks/CoreDaemon.framework/Versions/B/CoreDaemon
0x000000000d914000 	/usr/lib/libcrypto.0.9.8.dylib
0x000000000d914000 	/System/Library/PrivateFrameworks/AppleSRP.framework/Versions/A/AppleSRP
0x000000000d914000 	/System/Library/PrivateFrameworks/TrustEvaluationAgent.framework/Versions/A/TrustEvaluationAgent
0x00000001278f2000 	cl_kernels
0x00000001278f4000 	/System/Library/Frameworks/OpenCL.framework/Versions/A/Libraries/ImageFormats/unorm8_bgra.dylib
0x00000001278e3000 	cl_kernels
0x000000000d914000 	/System/Library/PrivateFrameworks/FamilyControls.framework/Versions/A/FamilyControls
0x000000000d914000 	/System/Library/PrivateFrameworks/CommerceKit.framework/Versions/A/Frameworks/CommerceCore.framework/Versions/A/CommerceCore
0x000000000d914000 	/System/Library/PrivateFrameworks/SystemAdministration.framework/Versions/A/SystemAdministration
0x000000000d914000 	/System/Library/PrivateFrameworks/AppContainer.framework/Versions/A/AppContainer
0x000000000d914000 	/System/Library/PrivateFrameworks/SecCodeWrapper.framework/Versions/A/SecCodeWrapper
0x000000000d914000 	/System/Library/Frameworks/DirectoryService.framework/Versions/A/DirectoryService
0x000000000d914000 	/System/Library/PrivateFrameworks/LoginUIKit.framework/Versions/A/Frameworks/LoginUICore.framework/Versions/A/LoginUICore
0x000000000d914000 	/usr/lib/libodfde.dylib
0x000000000d914000 	/System/Library/Frameworks/OpenGL.framework/Versions/A/Resources/GLEngine.bundle/GLEngine
0x000000000d914000 	/System/Library/Frameworks/OpenGL.framework/Versions/A/Libraries/libGLProgrammability.dylib
0x0000000128bf4000 	/System/Library/Extensions/AppleIntelBDWGraphicsGLDriver.bundle/Contents/MacOS/AppleIntelBDWGraphicsGLDriver
0x000000000d914000 	/System/Library/PrivateFrameworks/IOAccelerator.framework/Versions/A/IOAccelerator
0x000000000d914000 	/System/Library/PrivateFrameworks/GPUSupport.framework/Versions/A/Libraries/libGPUSupportMercury.dylib
0x000000000d914000 	/System/Library/Frameworks/OpenGL.framework/Versions/A/Resources/GLRendererFloat.bundle/GLRendererFloat
0x0000000129c08000 	/Library/Java/JavaVirtualMachines/jdk1.8.0_65.jdk/Contents/Home/jre/lib/libfontmanager.dylib
0x000000012ac7f000 	/Library/Java/JavaVirtualMachines/jdk1.8.0_65.jdk/Contents/Home/jre/lib/libosxui.dylib
0x000000012b078000 	/Library/Java/JavaVirtualMachines/jdk1.8.0_65.jdk/Contents/Home/jre/lib/libnet.dylib
0x000000012ae8d000 	/Library/Java/JavaVirtualMachines/jdk1.8.0_65.jdk/Contents/Home/jre/lib/libnio.dylib
0x000000000d914000 	/System/Library/Frameworks/ApplicationServices.framework/Versions/A/Frameworks/ATS.framework/Versions/A/Resources/libTrueTypeScaler.dylib
0x0000000176628000 	/private/var/folders/33/xjzsj90x7bq7f8hjssg9rbfh0000gn/T/jogamp_0000/file_cache/jln4453090975226921128/jln6060870518946535960/libgluegen-rt.jnilib
0x000000017662c000 	/private/var/folders/33/xjzsj90x7bq7f8hjssg9rbfh0000gn/T/jogamp_0000/file_cache/jln4453090975226921128/jln6060870518946535960/libnativewindow_awt.jnilib
0x000000017662f000 	/Library/Java/JavaVirtualMachines/jdk1.8.0_65.jdk/Contents/Home/jre/lib/libjawt.dylib
0x0000000176668000 	/private/var/folders/33/xjzsj90x7bq7f8hjssg9rbfh0000gn/T/jogamp_0000/file_cache/jln4453090975226921128/jln6060870518946535960/libnativewindow_macosx.jnilib
0x0000000178301000 	/private/var/folders/33/xjzsj90x7bq7f8hjssg9rbfh0000gn/T/jogamp_0000/file_cache/jln4453090975226921128/jln6060870518946535960/libjogl_desktop.jnilib
0x0000000176785000 	/Library/Java/JavaVirtualMachines/jdk1.8.0_65.jdk/Contents/Home/jre/lib/libsunec.dylib
0x000000017a829000 	/Library/Java/JavaVirtualMachines/jdk1.8.0_65.jdk/Contents/Home/jre/lib/libt2k.dylib

VM Arguments:
jvm_args: -Djava.security.policy=java.policy.applet -Dfile.encoding=UTF-8 
java_command: sun.applet.AppletViewer module6.EarthquakeCityMap1456109924194.html
java_class_path (initial): /Users/jayburlage/Documents/workspace/UCSDUnfoldingMaps/build:/Users/jayburlage/Documents/workspace/UCSDUnfoldingMaps/lib/core.jar:/Users/jayburlage/Documents/workspace/UCSDUnfoldingMaps/lib/gluegen-rt.jar:/Users/jayburlage/Documents/workspace/UCSDUnfoldingMaps/lib/jogl-all.jar:/Users/jayburlage/Documents/workspace/UCSDUnfoldingMaps/lib/log4j-1.2.15.jar:/Users/jayburlage/Documents/workspace/UCSDUnfoldingMaps/lib/sqlite-jdbc-3.7.2.jar:/Users/jayburlage/Documents/workspace/UCSDUnfoldingMaps/lib/json4processing.jar:/Users/jayburlage/Documents/workspace/UCSDUnfoldingMaps/lib/libTUIO.jar:/Users/jayburlage/Documents/workspace/UCSDUnfoldingMaps/lib/unfolding.0.9.7-uscd.jar:/Users/jayburlage/Documents/workspace/UCSDUnfoldingMaps/lib/httpclient-4.5.1.jar:/Users/jayburlage/Documents/workspace/UCSDUnfoldingMaps/lib/httpclient-cache-4.5.1.jar:/Users/jayburlage/Documents/workspace/UCSDUnfoldingMaps/lib/httpclient-win-4.5.1.jar:/Users/jayburlage/Documents/workspace/UCSDUnfoldingMaps/lib/httpcore-4.4.3.jar:/Users/jayburlage/Documents/workspace/UCSDUnfoldingMaps/lib/httpmime-4.5.1.jar:/Users/jayburlage/Documents/workspace/UCSDUnfoldingMaps/lib/commons-codec-1.9.jar:/Users/jayburlage/Documents/workspace/UCSDUnfoldingMaps/lib/commons-logging-1.2-javadoc.jar:/Users/jayburlage/Documents/workspace/UCSDUnfoldingMaps/lib/commons-logging-1.2.jar:/Users/jayburlage/Documents/workspace/UCSDUnfoldingMaps/lib/json-simple-1.1.1.jar
Launcher Type: SUN_STANDARD

Environment Variables:
PATH=/usr/bin:/bin:/usr/sbin:/sbin
SHELL=/bin/bash

Signal Handlers:
SIGSEGV: [libjvm.dylib+0x5a6d31], sa_mask[0]=11111111011111110111111111111111, sa_flags=SA_ONSTACK|SA_RESTART|SA_SIGINFO
SIGBUS: [libjvm.dylib+0x5a6d31], sa_mask[0]=11111111011111110111111111111111, sa_flags=SA_RESTART|SA_SIGINFO
SIGFPE: [libjvm.dylib+0x480a40], sa_mask[0]=11111111011111110111111111111111, sa_flags=SA_RESTART|SA_SIGINFO
SIGPIPE: [libjvm.dylib+0x480a40], sa_mask[0]=11111111011111110111111111111111, sa_flags=SA_RESTART|SA_SIGINFO
SIGXFSZ: [libjvm.dylib+0x480a40], sa_mask[0]=11111111011111110111111111111111, sa_flags=SA_RESTART|SA_SIGINFO
SIGILL: [libjvm.dylib+0x480a40], sa_mask[0]=11111111011111110111111111111111, sa_flags=SA_RESTART|SA_SIGINFO
SIGUSR1: SIG_DFL, sa_mask[0]=00000000000000000000000000000000, sa_flags=none
SIGUSR2: [libjvm.dylib+0x48055e], sa_mask[0]=00100000000000000000000000000000, sa_flags=SA_RESTART|SA_SIGINFO
SIGHUP: [libjvm.dylib+0x47eb35], sa_mask[0]=11111111011111110111111111111111, sa_flags=SA_RESTART|SA_SIGINFO
SIGINT: [libjvm.dylib+0x47eb35], sa_mask[0]=11111111011111110111111111111111, sa_flags=SA_RESTART|SA_SIGINFO
SIGTERM: [libjvm.dylib+0x47eb35], sa_mask[0]=11111111011111110111111111111111, sa_flags=SA_RESTART|SA_SIGINFO
SIGQUIT: [libjvm.dylib+0x47eb35], sa_mask[0]=11111111011111110111111111111111, sa_flags=SA_RESTART|SA_SIGINFO


---------------  S Y S T E M  ---------------

OS:Bsduname:Darwin 14.5.0 Darwin Kernel Version 14.5.0: Wed Jul 29 02:26:53 PDT 2015; root:xnu-2782.40.9~1/RELEASE_X86_64 x86_64
rlimit: STACK 8192k, CORE 0k, NPROC 709, NOFILE 10240, AS infinity
load average:2.43 2.35 2.17

CPU:total 4 (2 cores per cpu, 2 threads per core) family 6 model 61 stepping 4, cmov, cx8, fxsr, mmx, sse, sse2, sse3, ssse3, sse4.1, sse4.2, popcnt, avx, avx2, aes, clmul, erms, 3dnowpref, lzcnt, ht, tsc, tscinvbit, bmi1, bmi2, adx

Memory: 4k page, physical 4194304k(277264k free)

/proc/meminfo:


vm_info: Java HotSpot(TM) 64-Bit Server VM (25.65-b01) for bsd-amd64 JRE (1.8.0_65-b17), built on Oct  6 2015 15:36:46 by "java_re" with gcc 4.2.1 (Based on Apple Inc. build 5658) (LLVM build 2336.11.00)

time: Sun Feb 21 21:58:56 2016
elapsed time: 12 seconds (0d 0h 0m 12s)

