#
# A fatal error has been detected by the Java Runtime Environment:
#
#  SIGSEGV (0xb) at pc=0x00007fff98c100dd, pid=70036, tid=1811
#
# JRE version: Java(TM) SE Runtime Environment (8.0_65-b17) (build 1.8.0_65-b17)
# Java VM: Java HotSpot(TM) 64-Bit Server VM (25.65-b01 mixed mode bsd-amd64 compressed oops)
# Problematic frame:
# C  [libobjc.A.dylib+0x10dd]  objc_msgSend+0x1d
#
# Failed to write core dump. Core dumps have been disabled. To enable core dumping, try "ulimit -c unlimited" before starting Java again
#
# If you would like to submit a bug report, please visit:
#   http://bugreport.java.com/bugreport/crash.jsp
# The crash happened outside the Java Virtual Machine in native code.
# See problematic frame for where to report the bug.
#

---------------  T H R E A D  ---------------

Current thread (0x00007f8ec41af000):  JavaThread "AWT-AppKit" daemon [_thread_in_native, id=1811, stack(0x00007fff5762a000,0x00007fff57e2a000)]

siginfo: si_signo: 11 (SIGSEGV), si_code: 1 (SEGV_MAPERR), si_addr: 0x0000000000000018

Registers:
RAX=0x00007f8ec885e9f0, RBX=0x0000000170ebf450, RCX=0x00000001245c6100, RDX=0x00000001254ce060
RSP=0x00007fff57e251c8, RBP=0x00007fff57e25280, RSI=0x00007fff9210f40f, RDI=0x00007f8ec8c7eb70
R8 =0x0000000000000000, R9 =0x0000000000000f50, R10=0x00007fff9210f40f, R11=0x0000000000000000
R12=0x0000000000000000, R13=0x0000000172ee8708, R14=0x0000000170ebf440, R15=0x00007f8ec41af000
RIP=0x00007fff98c100dd, EFLAGS=0x0000000000010246, ERR=0x0000000000000004
  TRAPNO=0x000000000000000e

Top of Stack: (sp=0x00007fff57e251c8)
0x00007fff57e251c8:   0000000170ebd157 00007fff57e25220
0x00007fff57e251d8:   0000000000000003 00007fff57e25200
0x00007fff57e251e8:   00000001080c69a6 0000000172ee8708
0x00007fff57e251f8:   0000000172ee8708 00007f8ec885e9f0
0x00007fff57e25208:   0000000170ebf6a0 0000000170ebf710
0x00007fff57e25218:   00007fff7dfe7550 00007fff7e22cc80
0x00007fff57e25228:   0000000170ebf450 0000000170ebf690
0x00007fff57e25238:   00007f8ec885e9f0 00007f8ec8c7eb70
0x00007fff57e25248:   00007f8ec3e388f0 00007f8ec885e9f0
0x00007fff57e25258:   00007f8ec8c7eb70 00007fff57e25308
0x00007fff57e25268:   00007f8ec41af1f8 0000000172ee8708
0x00007fff57e25278:   00007fff57e25330 00007fff57e252f8
0x00007fff57e25288:   0000000109815954 0000000172ee8708
0x00007fff57e25298:   00007fff57e25330 00007fff57e252f8
0x00007fff57e252a8:   00000001098156e7 00000001098156a2
0x00007fff57e252b8:   00007fff57e252b8 0000000172ee8708
0x00007fff57e252c8:   00007fff57e25330 0000000172ee9eb8
0x00007fff57e252d8:   0000000000000000 0000000172ee8708
0x00007fff57e252e8:   0000000000000000 00007fff57e25318
0x00007fff57e252f8:   00007fff57e25378 0000000109807c4d
0x00007fff57e25308:   0000000780429260 000000010980f578
0x00007fff57e25318:   00007f8ec885e9f0 00007fff57e25378
0x00007fff57e25328:   00007f8ec8c7eb70 0000000109810d82
0x00007fff57e25338:   00007fff57e25338 0000000172ee88d2
0x00007fff57e25348:   00007fff57e253a0 0000000172ee9eb8
0x00007fff57e25358:   0000000000000000 0000000172ee88e0
0x00007fff57e25368:   00007fff57e25318 00007fff57e25388
0x00007fff57e25378:   00007fff57e253e8 0000000109807c4d
0x00007fff57e25388:   00007f8ec885e9f0 00000007805ed6e0
0x00007fff57e25398:   00007f8ec8c7eb70 00000007805ed6e0
0x00007fff57e253a8:   00007fff57e253a8 00000001792ec68e
0x00007fff57e253b8:   00007fff57e253f8 00000001792ec748 

Instructions: (pc=0x00007fff98c100dd)
0x00007fff98c100bd:   00 00 00 48 85 ff 2e 74 7a 40 f6 c7 01 2e 75 7e
0x00007fff98c100cd:   49 bb f8 ff ff ff ff 7f 00 00 4c 23 1f 49 89 f2
0x00007fff98c100dd:   45 23 53 18 49 c1 e2 04 4d 03 53 10 49 3b 32 75
0x00007fff98c100ed:   04 41 ff 62 08 49 83 3a 00 74 6a 4d 3b 53 10 74 

Register to memory mapping:

RAX=0x00007f8ec885e9f0 is an unknown value
RBX=0x0000000170ebf450: Java_jogamp_nativewindow_macosx_OSXUtil_GetScreenRefreshRate0+0x1cf0 in /private/var/folders/33/xjzsj90x7bq7f8hjssg9rbfh0000gn/T/jogamp_0000/file_cache/jln6908902611903397837/jln8569470177831299357/libnativewindow_macosx.jnilib at 0x0000000170eb8000
RCX=0x00000001245c6100 is an unknown value
RDX=0x00000001254ce060 is an unknown value
RSP=0x00007fff57e251c8 is pointing into the stack for thread: 0x00007f8ec41af000
RBP=0x00007fff57e25280 is pointing into the stack for thread: 0x00007f8ec41af000
RSI=0x00007fff9210f40f is an unknown value
RDI=0x00007f8ec8c7eb70 is an unknown value
R8 =0x0000000000000000 is an unknown value
R9 =0x0000000000000f50 is an unknown value
R10=0x00007fff9210f40f is an unknown value
R11=0x0000000000000000 is an unknown value
R12=0x0000000000000000 is an unknown value
R13={method} {0x0000000172ee8708} 'UnsetJAWTRootSurfaceLayer0' '(JJ)V' in 'jogamp/nativewindow/jawt/macosx/MacOSXJAWTWindow'
R14=0x0000000170ebf440: Java_jogamp_nativewindow_macosx_OSXUtil_GetScreenRefreshRate0+0x1ce0 in /private/var/folders/33/xjzsj90x7bq7f8hjssg9rbfh0000gn/T/jogamp_0000/file_cache/jln6908902611903397837/jln8569470177831299357/libnativewindow_macosx.jnilib at 0x0000000170eb8000
R15=0x00007f8ec41af000 is a thread


Stack: [0x00007fff5762a000,0x00007fff57e2a000],  sp=0x00007fff57e251c8,  free space=8172k
Native frames: (J=compiled Java code, j=interpreted, Vv=VM code, C=native code)
C  [libobjc.A.dylib+0x10dd]  objc_msgSend+0x1d
j  jogamp.nativewindow.jawt.macosx.MacOSXJAWTWindow.UnsetJAWTRootSurfaceLayer0(JJ)V+0
j  jogamp.nativewindow.jawt.macosx.MacOSXJAWTWindow.access$200(JJ)V+2
j  jogamp.nativewindow.jawt.macosx.MacOSXJAWTWindow$1.run()V+38
J 2465 C1 com.jogamp.common.util.RunnableTask.run()V (345 bytes) @ 0x0000000109fc8dd4 [0x0000000109fc8c40+0x194]
v  ~StubRoutines::call_stub
V  [libjvm.dylib+0x2eab02]  JavaCalls::call_helper(JavaValue*, methodHandle*, JavaCallArguments*, Thread*)+0x6ae
V  [libjvm.dylib+0x321bab]  jni_invoke_nonstatic(JNIEnv_*, JavaValue*, _jobject*, JNICallType, _jmethodID*, JNI_ArgumentPusher*, Thread*)+0x2ec
V  [libjvm.dylib+0x31437f]  jni_CallVoidMethod+0x16b
C  [libnativewindow_macosx.jnilib+0x5326]  Java_jogamp_nativewindow_jawt_macosx_MacOSXJAWTWindow_UnsetJAWTRootSurfaceLayer0+0x2b6
C  [Foundation+0x92dd0]  __NSThreadPerformPerform+0x125
C  [CoreFoundation+0x80a01]  __CFRUNLOOP_IS_CALLING_OUT_TO_A_SOURCE0_PERFORM_FUNCTION__+0x11
C  [CoreFoundation+0x72c5c]  __CFRunLoopDoSources0+0x1dc
C  [CoreFoundation+0x721bf]  __CFRunLoopRun+0x39f
C  [CoreFoundation+0x71bd8]  CFRunLoopRunSpecific+0x128
C  [HIToolbox+0x3256f]  RunCurrentEventLoopInMode+0xeb
C  [HIToolbox+0x321ee]  ReceiveNextEventCommon+0xb3
C  [HIToolbox+0x3212b]  _BlockUntilNextEventMatchingListInModeWithFilter+0x47
C  [AppKit+0x918ab]  _DPSNextEvent+0x3d2
C  [AppKit+0x90e58]  -[NSApplication nextEventMatchingMask:untilDate:inMode:dequeue:]+0x15a
C  [libosxapp.dylib+0x23aa]  -[NSApplicationAWT nextEventMatchingMask:untilDate:inMode:dequeue:]+0x7c
C  [AppKit+0x86af3]  -[NSApplication run]+0x252
C  [libosxapp.dylib+0x214d]  +[NSApplicationAWT runAWTLoopWithApp:]+0x9c
C  [libawt_lwawt.dylib+0x44517]  -[AWTStarter starter:]+0x389
C  [Foundation+0x92dd0]  __NSThreadPerformPerform+0x125
C  [CoreFoundation+0x80a01]  __CFRUNLOOP_IS_CALLING_OUT_TO_A_SOURCE0_PERFORM_FUNCTION__+0x11
C  [CoreFoundation+0x72b8d]  __CFRunLoopDoSources0+0x10d
C  [CoreFoundation+0x721bf]  __CFRunLoopRun+0x39f
C  [CoreFoundation+0x71bd8]  CFRunLoopRunSpecific+0x128
C  [java+0x6463]  CreateExecutionEnvironment+0x367
C  [java+0x21ac]  JLI_Launch+0x7a0
C  [java+0x84c0]  main+0x65
C  [java+0x1a04]  start+0x34
C  0x0000000000000007

Java frames: (J=compiled Java code, j=interpreted, Vv=VM code)
j  jogamp.nativewindow.jawt.macosx.MacOSXJAWTWindow.UnsetJAWTRootSurfaceLayer0(JJ)V+0
j  jogamp.nativewindow.jawt.macosx.MacOSXJAWTWindow.access$200(JJ)V+2
j  jogamp.nativewindow.jawt.macosx.MacOSXJAWTWindow$1.run()V+38
J 2465 C1 com.jogamp.common.util.RunnableTask.run()V (345 bytes) @ 0x0000000109fc8dd4 [0x0000000109fc8c40+0x194]
v  ~StubRoutines::call_stub

---------------  P R O C E S S  ---------------

Java Threads: ( => current thread )
  0x00007f8ec9837000 JavaThread "Thread-365" [_thread_blocked, id=63511, stack(0x00000001801d0000,0x00000001802d0000)]
  0x00007f8ec410f000 JavaThread "Keep-Alive-Timer" daemon [_thread_blocked, id=62511, stack(0x0000000177966000,0x0000000177a66000)]
  0x00007f8ec526a800 JavaThread "AWT-EventQueue-1" [_thread_in_native, id=56351, stack(0x0000000171492000,0x0000000171592000)]
  0x00007f8ec59aa000 JavaThread "DestroyJavaVM" [_thread_blocked, id=3331, stack(0x0000000108e5f000,0x0000000108f5f000)]
  0x00007f8ec512d000 JavaThread "AWT-EventQueue-0" [_thread_blocked, id=54791, stack(0x00000001254fa000,0x00000001255fa000)]
  0x00007f8ec49b0000 JavaThread "Java2D Disposer" daemon [_thread_blocked, id=49935, stack(0x0000000124357000,0x0000000124457000)]
  0x00007f8ec4972000 JavaThread "Java2D Queue Flusher" daemon [_thread_blocked, id=48655, stack(0x0000000123343000,0x0000000123443000)]
  0x00007f8ec5069000 JavaThread "AWT-Shutdown" [_thread_blocked, id=28435, stack(0x00000001209cb000,0x0000000120acb000)]
=>0x00007f8ec41af000 JavaThread "AWT-AppKit" daemon [_thread_in_native, id=1811, stack(0x00007fff5762a000,0x00007fff57e2a000)]
  0x00007f8ec4098800 JavaThread "Service Thread" daemon [_thread_blocked, id=18179, stack(0x000000011f00d000,0x000000011f10d000)]
  0x00007f8ec402d800 JavaThread "C1 CompilerThread2" daemon [_thread_blocked, id=17667, stack(0x000000011ef0a000,0x000000011f00a000)]
  0x00007f8ec402c800 JavaThread "C2 CompilerThread1" daemon [_thread_blocked, id=17155, stack(0x000000011ee07000,0x000000011ef07000)]
  0x00007f8ec5806000 JavaThread "C2 CompilerThread0" daemon [_thread_blocked, id=16643, stack(0x000000011ed04000,0x000000011ee04000)]
  0x00007f8ec4819000 JavaThread "Signal Dispatcher" daemon [_thread_blocked, id=14347, stack(0x000000011ec01000,0x000000011ed01000)]
  0x00007f8ec401e000 JavaThread "Finalizer" daemon [_thread_blocked, id=11523, stack(0x000000011d1f8000,0x000000011d2f8000)]
  0x00007f8ec4813800 JavaThread "Reference Handler" daemon [_thread_blocked, id=11011, stack(0x000000011d0f5000,0x000000011d1f5000)]

Other Threads:
  0x00007f8ec4811000 VMThread [stack: 0x000000011cff2000,0x000000011d0f2000] [id=10499]
  0x00007f8ec5005000 WatcherThread [stack: 0x000000011f110000,0x000000011f210000] [id=18691]

VM state:not at safepoint (normal execution)

VM Mutex/Monitor currently owned by a thread: None

Heap:
 PSYoungGen      total 128000K, used 30848K [0x00000007aab00000, 0x00000007b4d80000, 0x00000007c0000000)
  eden space 99328K, 3% used [0x00000007aab00000,0x00000007aaeafb68,0x00000007b0c00000)
  from space 28672K, 94% used [0x00000007b2b80000,0x00000007b45f0690,0x00000007b4780000)
  to   space 32256K, 0% used [0x00000007b0c00000,0x00000007b0c00000,0x00000007b2b80000)
 ParOldGen       total 145408K, used 82360K [0x0000000780000000, 0x0000000788e00000, 0x00000007aab00000)
  object space 145408K, 56% used [0x0000000780000000,0x000000078506e080,0x0000000788e00000)
 Metaspace       used 26069K, capacity 26303K, committed 26624K, reserved 1073152K
  class space    used 2598K, capacity 2708K, committed 2816K, reserved 1048576K

Card table byte_map: [0x0000000118bc0000,0x0000000118dc1000] byte_map_base: 0x0000000114fc0000

Marking Bits: (ParMarkBitMap*) 0x00000001087b3e20
 Begin Bits: [0x0000000119323000, 0x000000011a323000)
 End Bits:   [0x000000011a323000, 0x000000011b323000)

Polling page: 0x0000000108fa4000

CodeCache: size=245760Kb used=12295Kb max_used=12306Kb free=233464Kb
 bounds [0x0000000109800000, 0x000000010a420000, 0x0000000118800000]
 total_blobs=4384 nmethods=3455 adapters=842
 compilation: enabled

Compilation events (10 events):
Event: 27.192 Thread 0x00007f8ec402d800 3936       3       sun.java2d.pipe.RenderQueue::tryLock (4 bytes)
Event: 27.193 Thread 0x00007f8ec402d800 nmethod 3936 0x000000010a3d24d0 code [0x000000010a3d2660, 0x000000010a3d29c8]
Event: 27.193 Thread 0x00007f8ec402d800 3937       3       sun.awt.SunToolkit::awtTryLock (7 bytes)
Event: 27.194 Thread 0x00007f8ec402d800 nmethod 3937 0x000000010a3d1f50 code [0x000000010a3d20c0, 0x000000010a3d23a8]
Event: 27.210 Thread 0x00007f8ec402c800 3938       4       sun.awt.SunToolkit::getSystemEventQueueImpl (4 bytes)
Event: 27.219 Thread 0x00007f8ec402c800 nmethod 3938 0x000000010a404990 code [0x000000010a404b40, 0x000000010a404e10]
Event: 27.614 Thread 0x00007f8ec402d800 3939       1       sun.java2d.SurfaceData::isValid (5 bytes)
Event: 27.615 Thread 0x00007f8ec402d800 nmethod 3939 0x000000010a3d1c90 code [0x000000010a3d1de0, 0x000000010a3d1ef0]
Event: 27.677 Thread 0x00007f8ec5806000 3940       4       java.util.ArrayList::rangeCheck (22 bytes)
Event: 27.678 Thread 0x00007f8ec5806000 nmethod 3940 0x000000010a39f9d0 code [0x000000010a39fb20, 0x000000010a39fb98]

GC Heap History (10 events):
Event: 15.069 GC heap before
{Heap before GC invocations=17 (full 2):
 PSYoungGen      total 95232K, used 89837K [0x00000007aab00000, 0x00000007b2680000, 0x00000007c0000000)
  eden space 69632K, 99% used [0x00000007aab00000,0x00000007aeef0bf0,0x00000007aef00000)
  from space 25600K, 79% used [0x00000007b0a00000,0x00000007b1dca9d0,0x00000007b2300000)
  to   space 27648K, 0% used [0x00000007aef00000,0x00000007aef00000,0x00000007b0a00000)
 ParOldGen       total 83968K, used 50998K [0x0000000780000000, 0x0000000785200000, 0x00000007aab00000)
  object space 83968K, 60% used [0x0000000780000000,0x00000007831cda28,0x0000000785200000)
 Metaspace       used 25906K, capacity 26143K, committed 26496K, reserved 1073152K
  class space    used 2591K, capacity 2676K, committed 2688K, reserved 1048576K
Event: 15.098 GC heap after
Heap after GC invocations=17 (full 2):
 PSYoungGen      total 97280K, used 13621K [0x00000007aab00000, 0x00000007b3a00000, 0x00000007c0000000)
  eden space 69632K, 0% used [0x00000007aab00000,0x00000007aab00000,0x00000007aef00000)
  from space 27648K, 49% used [0x00000007aef00000,0x00000007afc4d4a8,0x00000007b0a00000)
  to   space 26624K, 0% used [0x00000007b2000000,0x00000007b2000000,0x00000007b3a00000)
 ParOldGen       total 83968K, used 70023K [0x0000000780000000, 0x0000000785200000, 0x00000007aab00000)
  object space 83968K, 83% used [0x0000000780000000,0x0000000784461ec8,0x0000000785200000)
 Metaspace       used 25906K, capacity 26143K, committed 26496K, reserved 1073152K
  class space    used 2591K, capacity 2676K, committed 2688K, reserved 1048576K
}
Event: 15.098 GC heap before
{Heap before GC invocations=18 (full 3):
 PSYoungGen      total 97280K, used 13621K [0x00000007aab00000, 0x00000007b3a00000, 0x00000007c0000000)
  eden space 69632K, 0% used [0x00000007aab00000,0x00000007aab00000,0x00000007aef00000)
  from space 27648K, 49% used [0x00000007aef00000,0x00000007afc4d4a8,0x00000007b0a00000)
  to   space 26624K, 0% used [0x00000007b2000000,0x00000007b2000000,0x00000007b3a00000)
 ParOldGen       total 83968K, used 70023K [0x0000000780000000, 0x0000000785200000, 0x00000007aab00000)
  object space 83968K, 83% used [0x0000000780000000,0x0000000784461ec8,0x0000000785200000)
 Metaspace       used 25906K, capacity 26143K, committed 26496K, reserved 1073152K
  class space    used 2591K, capacity 2676K, committed 2688K, reserved 1048576K
Event: 15.199 GC heap after
Heap after GC invocations=18 (full 3):
 PSYoungGen      total 97280K, used 0K [0x00000007aab00000, 0x00000007b3a00000, 0x00000007c0000000)
  eden space 69632K, 0% used [0x00000007aab00000,0x00000007aab00000,0x00000007aef00000)
  from space 27648K, 0% used [0x00000007aef00000,0x00000007aef00000,0x00000007b0a00000)
  to   space 26624K, 0% used [0x00000007b2000000,0x00000007b2000000,0x00000007b3a00000)
 ParOldGen       total 145408K, used 82336K [0x0000000780000000, 0x0000000788e00000, 0x00000007aab00000)
  object space 145408K, 56% used [0x0000000780000000,0x0000000785068080,0x0000000788e00000)
 Metaspace       used 25906K, capacity 26143K, committed 26496K, reserved 1073152K
  class space    used 2591K, capacity 2676K, committed 2688K, reserved 1048576K
}
Event: 16.722 GC heap before
{Heap before GC invocations=19 (full 3):
 PSYoungGen      total 97280K, used 69632K [0x00000007aab00000, 0x00000007b3a00000, 0x00000007c0000000)
  eden space 69632K, 100% used [0x00000007aab00000,0x00000007aef00000,0x00000007aef00000)
  from space 27648K, 0% used [0x00000007aef00000,0x00000007aef00000,0x00000007b0a00000)
  to   space 26624K, 0% used [0x00000007b2000000,0x00000007b2000000,0x00000007b3a00000)
 ParOldGen       total 145408K, used 82336K [0x0000000780000000, 0x0000000788e00000, 0x00000007aab00000)
  object space 145408K, 56% used [0x0000000780000000,0x0000000785068080,0x0000000788e00000)
 Metaspace       used 25971K, capacity 26207K, committed 26496K, reserved 1073152K
  class space    used 2591K, capacity 2676K, committed 2688K, reserved 1048576K
Event: 16.731 GC heap after
Heap after GC invocations=19 (full 3):
 PSYoungGen      total 108544K, used 13152K [0x00000007aab00000, 0x00000007b3380000, 0x00000007c0000000)
  eden space 88576K, 0% used [0x00000007aab00000,0x00000007aab00000,0x00000007b0180000)
  from space 19968K, 65% used [0x00000007b2000000,0x00000007b2cd8340,0x00000007b3380000)
  to   space 25600K, 0% used [0x00000007b0180000,0x00000007b0180000,0x00000007b1a80000)
 ParOldGen       total 145408K, used 82344K [0x0000000780000000, 0x0000000788e00000, 0x00000007aab00000)
  object space 145408K, 56% used [0x0000000780000000,0x000000078506a080,0x0000000788e00000)
 Metaspace       used 25971K, capacity 26207K, committed 26496K, reserved 1073152K
  class space    used 2591K, capacity 2676K, committed 2688K, reserved 1048576K
}
Event: 19.996 GC heap before
{Heap before GC invocations=20 (full 3):
 PSYoungGen      total 108544K, used 101728K [0x00000007aab00000, 0x00000007b3380000, 0x00000007c0000000)
  eden space 88576K, 100% used [0x00000007aab00000,0x00000007b0180000,0x00000007b0180000)
  from space 19968K, 65% used [0x00000007b2000000,0x00000007b2cd8340,0x00000007b3380000)
  to   space 25600K, 0% used [0x00000007b0180000,0x00000007b0180000,0x00000007b1a80000)
 ParOldGen       total 145408K, used 82344K [0x0000000780000000, 0x0000000788e00000, 0x00000007aab00000)
  object space 145408K, 56% used [0x0000000780000000,0x000000078506a080,0x0000000788e00000)
 Metaspace       used 26025K, capacity 26271K, committed 26496K, reserved 1073152K
  class space    used 2591K, capacity 2676K, committed 2688K, reserved 1048576K
Event: 20.007 GC heap after
Heap after GC invocations=20 (full 3):
 PSYoungGen      total 114176K, used 24257K [0x00000007aab00000, 0x00000007b4780000, 0x00000007c0000000)
  eden space 88576K, 0% used [0x00000007aab00000,0x00000007aab00000,0x00000007b0180000)
  from space 25600K, 94% used [0x00000007b0180000,0x00000007b19305e0,0x00000007b1a80000)
  to   space 28672K, 0% used [0x00000007b2b80000,0x00000007b2b80000,0x00000007b4780000)
 ParOldGen       total 145408K, used 82352K [0x0000000780000000, 0x0000000788e00000, 0x00000007aab00000)
  object space 145408K, 56% used [0x0000000780000000,0x000000078506c080,0x0000000788e00000)
 Metaspace       used 26025K, capacity 26271K, committed 26496K, reserved 1073152K
  class space    used 2591K, capacity 2676K, committed 2688K, reserved 1048576K
}
Event: 27.444 GC heap before
{Heap before GC invocations=21 (full 3):
 PSYoungGen      total 114176K, used 112833K [0x00000007aab00000, 0x00000007b4780000, 0x00000007c0000000)
  eden space 88576K, 100% used [0x00000007aab00000,0x00000007b0180000,0x00000007b0180000)
  from space 25600K, 94% used [0x00000007b0180000,0x00000007b19305e0,0x00000007b1a80000)
  to   space 28672K, 0% used [0x00000007b2b80000,0x00000007b2b80000,0x00000007b4780000)
 ParOldGen       total 145408K, used 82352K [0x0000000780000000, 0x0000000788e00000, 0x00000007aab00000)
  object space 145408K, 56% used [0x0000000780000000,0x000000078506c080,0x0000000788e00000)
 Metaspace       used 26041K, capacity 26271K, committed 26496K, reserved 1073152K
  class space    used 2591K, capacity 2676K, committed 2688K, reserved 1048576K
Event: 27.481 GC heap after
Heap after GC invocations=21 (full 3):
 PSYoungGen      total 128000K, used 27073K [0x00000007aab00000, 0x00000007b4d80000, 0x00000007c0000000)
  eden space 99328K, 0% used [0x00000007aab00000,0x00000007aab00000,0x00000007b0c00000)
  from space 28672K, 94% used [0x00000007b2b80000,0x00000007b45f0690,0x00000007b4780000)
  to   space 32256K, 0% used [0x00000007b0c00000,0x00000007b0c00000,0x00000007b2b80000)
 ParOldGen       total 145408K, used 82360K [0x0000000780000000, 0x0000000788e00000, 0x00000007aab00000)
  object space 145408K, 56% used [0x0000000780000000,0x000000078506e080,0x0000000788e00000)
 Metaspace       used 26041K, capacity 26271K, committed 26496K, reserved 1073152K
  class space    used 2591K, capacity 2676K, committed 2688K, reserved 1048576K
}

Deoptimization events (10 events):
Event: 23.397 Thread 0x00007f8ec526a800 Uncommon trap: reason=unstable_if action=reinterpret pc=0x000000010a3bf1ac method=sun.misc.FloatingDecimal$BinaryToASCIIBuffer.dtoa(IJIZ)V @ 522
Event: 25.481 Thread 0x00007f8ec526a800 Uncommon trap: reason=class_check action=maybe_recompile pc=0x000000010a40ec5c method=java.awt.EventQueue.coalesceEvent(Ljava/awt/AWTEvent;I)Z @ 32
Event: 27.592 Thread 0x00007f8ec526a800 Uncommon trap: reason=class_check action=maybe_recompile pc=0x000000010a40ec5c method=java.awt.EventQueue.coalesceEvent(Ljava/awt/AWTEvent;I)Z @ 32
Event: 27.595 Thread 0x00007f8ec512d000 Uncommon trap: reason=unstable_if action=reinterpret pc=0x000000010a40e844 method=java.awt.EventQueue.getPriority(Ljava/awt/AWTEvent;)I @ 71
Event: 27.595 Thread 0x00007f8ec526a800 Uncommon trap: reason=unstable_if action=reinterpret pc=0x0000000109d14868 method=com.jogamp.common.util.VersionNumber.compareTo(Lcom/jogamp/common/util/VersionNumber;)I @ 21
Event: 27.614 Thread 0x00007f8ec512d000 Uncommon trap: reason=unstable_if action=reinterpret pc=0x000000010a00eefc method=java.awt.font.FontRenderContext.equals(Ljava/awt/font/FontRenderContext;)Z @ 2
Event: 27.614 Thread 0x00007f8ec512d000 Uncommon trap: reason=unstable_if action=reinterpret pc=0x000000010a00bad4 method=java.awt.Font.equals(Ljava/lang/Object;)Z @ 2
Event: 27.644 Thread 0x00007f8ec498b800 Uncommon trap: reason=unstable_if action=reinterpret pc=0x0000000109c01f50 method=java.util.HashMap.putVal(ILjava/lang/Object;Ljava/lang/Object;ZZ)Ljava/lang/Object; @ 81
Event: 27.644 Thread 0x00007f8ec498b800 Uncommon trap: reason=unstable_if action=reinterpret pc=0x0000000109c12c8c method=java.util.HashMap.putVal(ILjava/lang/Object;Ljava/lang/Object;ZZ)Ljava/lang/Object; @ 81
Event: 27.675 Thread 0x00007f8ec526a800 Uncommon trap: reason=unstable_if action=reinterpret pc=0x0000000109ef2fb0 method=java.security.AccessControlContext.optimize()Ljava/security/AccessControlContext; @ 233

Internal exceptions (10 events):
Event: 0.342 Thread 0x00007f8ec4006000 Exception <a 'java/io/FileNotFoundException'> (0x00000007aade1ce0) thrown at [/Users/java_re/workspace/8-2-build-macosx-x86_64/jdk8u65/4987/hotspot/src/share/vm/prims/jni.cpp, line 709]
Event: 0.342 Thread 0x00007f8ec4006000 Exception <a 'java/io/FileNotFoundException'> (0x00000007aade2848) thrown at [/Users/java_re/workspace/8-2-build-macosx-x86_64/jdk8u65/4987/hotspot/src/share/vm/prims/jni.cpp, line 709]
Event: 0.475 Thread 0x00007f8ec4006000 Exception <a 'java/io/FileNotFoundException'> (0x00000007aaf41bb8) thrown at [/Users/java_re/workspace/8-2-build-macosx-x86_64/jdk8u65/4987/hotspot/src/share/vm/prims/jni.cpp, line 709]
Event: 1.891 Thread 0x00007f8ec401e000 Exception <a 'java/lang/NullPointerException'> (0x00000007aab8cf90) thrown at [/Users/java_re/workspace/8-2-build-macosx-x86_64/jdk8u65/4987/hotspot/src/share/vm/interpreter/linkResolver.cpp, line 1178]
Event: 1.987 Thread 0x00007f8ec43a7800 Exception <a 'java/lang/UnsatisfiedLinkError': com.jogamp.common.util.JarUtil.fixNativeLibAttribs(Ljava/lang/String;)Z> (0x00000007aaff2798) thrown at [/Users/java_re/workspace/8-2-build-macosx-x86_64/jdk8u65/4987/hotspot/src/share/vm/prims/nativeLookup.c
Event: 2.905 Thread 0x00007f8ec526a800 Exception <a 'java/io/FileNotFoundException'> (0x00000007ab3577d0) thrown at [/Users/java_re/workspace/8-2-build-macosx-x86_64/jdk8u65/4987/hotspot/src/share/vm/prims/jni.cpp, line 709]
Event: 2.906 Thread 0x00007f8ec526a800 Exception <a 'java/io/FileNotFoundException'> (0x00000007ab35fc18) thrown at [/Users/java_re/workspace/8-2-build-macosx-x86_64/jdk8u65/4987/hotspot/src/share/vm/prims/jni.cpp, line 709]
Event: 2.906 Thread 0x00007f8ec526a800 Implicit null exception at 0x00000001099b2a75 to 0x00000001099b2dd9
Event: 2.982 Thread 0x00007f8ec526a800 Exception <a 'java/io/FileNotFoundException'> (0x00000007ab7d5630) thrown at [/Users/java_re/workspace/8-2-build-macosx-x86_64/jdk8u65/4987/hotspot/src/share/vm/prims/jni.cpp, line 709]
Event: 2.984 Thread 0x00007f8ec526a800 Exception <a 'java/io/FileNotFoundException'> (0x00000007ab7e4040) thrown at [/Users/java_re/workspace/8-2-build-macosx-x86_64/jdk8u65/4987/hotspot/src/share/vm/prims/jni.cpp, line 709]

Events (10 events):
Event: 27.675 loading class java/awt/LightweightDispatcher$2 done
Event: 27.675 loading class java/awt/event/AWTEventListenerProxy
Event: 27.675 loading class java/awt/event/AWTEventListenerProxy done
Event: 27.676 Executing VM operation: Deoptimize
Event: 27.676 Executing VM operation: Deoptimize done
Event: 27.676 loading class java/awt/Toolkit$ToolkitEventMulticaster
Event: 27.677 loading class java/awt/Toolkit$ToolkitEventMulticaster done
Event: 27.678 Thread 0x00007f8ec498b800 Thread exited: 0x00007f8ec498b800
Event: 27.679 loading class java/awt/Window$1DisposeAction
Event: 27.679 loading class java/awt/Window$1DisposeAction done


Dynamic libraries:
0x000000000d914000 	/System/Library/Frameworks/Cocoa.framework/Versions/A/Cocoa
0x000000000d914000 	/System/Library/Frameworks/Security.framework/Versions/A/Security
0x000000000d914000 	/System/Library/Frameworks/ApplicationServices.framework/Versions/A/ApplicationServices
0x000000000d914000 	/usr/lib/libz.1.dylib
0x000000000d914000 	/usr/lib/libSystem.B.dylib
0x000000000d914000 	/usr/lib/libobjc.A.dylib
0x000000000d914000 	/System/Library/Frameworks/CoreFoundation.framework/Versions/A/CoreFoundation
0x000000000d914000 	/System/Library/Frameworks/Foundation.framework/Versions/C/Foundation
0x000000000d914000 	/System/Library/Frameworks/AppKit.framework/Versions/C/AppKit
0x000000000d914000 	/System/Library/Frameworks/CoreData.framework/Versions/A/CoreData
0x000000000d914000 	/System/Library/PrivateFrameworks/RemoteViewServices.framework/Versions/A/RemoteViewServices
0x000000000d914000 	/System/Library/PrivateFrameworks/UIFoundation.framework/Versions/A/UIFoundation
0x000000000d914000 	/System/Library/Frameworks/IOSurface.framework/Versions/A/IOSurface
0x000000000d914000 	/System/Library/Frameworks/AudioToolbox.framework/Versions/A/AudioToolbox
0x000000000d914000 	/System/Library/Frameworks/AudioUnit.framework/Versions/A/AudioUnit
0x000000000d914000 	/System/Library/PrivateFrameworks/DataDetectorsCore.framework/Versions/A/DataDetectorsCore
0x000000000d914000 	/System/Library/PrivateFrameworks/DesktopServicesPriv.framework/Versions/A/DesktopServicesPriv
0x000000000d914000 	/System/Library/Frameworks/Carbon.framework/Versions/A/Frameworks/HIToolbox.framework/Versions/A/HIToolbox
0x000000000d914000 	/System/Library/Frameworks/QuartzCore.framework/Versions/A/QuartzCore
0x000000000d914000 	/System/Library/Frameworks/Carbon.framework/Versions/A/Frameworks/SpeechRecognition.framework/Versions/A/SpeechRecognition
0x000000000d914000 	/usr/lib/libauto.dylib
0x000000000d914000 	/usr/lib/libicucore.A.dylib
0x000000000d914000 	/usr/lib/libxml2.2.dylib
0x000000000d914000 	/System/Library/PrivateFrameworks/CoreUI.framework/Versions/A/CoreUI
0x000000000d914000 	/System/Library/Frameworks/CoreAudio.framework/Versions/A/CoreAudio
0x000000000d914000 	/System/Library/Frameworks/DiskArbitration.framework/Versions/A/DiskArbitration
0x000000000d914000 	/usr/lib/liblangid.dylib
0x000000000d914000 	/System/Library/PrivateFrameworks/MultitouchSupport.framework/Versions/A/MultitouchSupport
0x000000000d914000 	/System/Library/Frameworks/IOKit.framework/Versions/A/IOKit
0x000000000d914000 	/usr/lib/libDiagnosticMessagesClient.dylib
0x000000000d914000 	/System/Library/Frameworks/CoreServices.framework/Versions/A/CoreServices
0x000000000d914000 	/System/Library/PrivateFrameworks/PerformanceAnalysis.framework/Versions/A/PerformanceAnalysis
0x000000000d914000 	/System/Library/PrivateFrameworks/GenerationalStorage.framework/Versions/A/GenerationalStorage
0x000000000d914000 	/System/Library/Frameworks/OpenGL.framework/Versions/A/OpenGL
0x000000000d914000 	/System/Library/PrivateFrameworks/Sharing.framework/Versions/A/Sharing
0x000000000d914000 	/System/Library/Frameworks/CoreGraphics.framework/Versions/A/CoreGraphics
0x000000000d914000 	/System/Library/Frameworks/CoreText.framework/Versions/A/CoreText
0x000000000d914000 	/System/Library/Frameworks/ImageIO.framework/Versions/A/ImageIO
0x000000000d914000 	/usr/lib/libextension.dylib
0x000000000d914000 	/System/Library/PrivateFrameworks/Backup.framework/Versions/A/Backup
0x000000000d914000 	/usr/lib/libarchive.2.dylib
0x000000000d914000 	/System/Library/Frameworks/CFNetwork.framework/Versions/A/CFNetwork
0x000000000d914000 	/System/Library/Frameworks/SystemConfiguration.framework/Versions/A/SystemConfiguration
0x000000000d914000 	/usr/lib/libCRFSuite.dylib
0x000000000d914000 	/usr/lib/libc++.1.dylib
0x000000000d914000 	/usr/lib/libc++abi.dylib
0x000000000d914000 	/usr/lib/system/libcache.dylib
0x000000000d914000 	/usr/lib/system/libcommonCrypto.dylib
0x000000000d914000 	/usr/lib/system/libcompiler_rt.dylib
0x000000000d914000 	/usr/lib/system/libcopyfile.dylib
0x000000000d914000 	/usr/lib/system/libcorecrypto.dylib
0x000000000d914000 	/usr/lib/system/libdispatch.dylib
0x000000000d914000 	/usr/lib/system/libdyld.dylib
0x000000000d914000 	/usr/lib/system/libkeymgr.dylib
0x000000000d914000 	/usr/lib/system/liblaunch.dylib
0x000000000d914000 	/usr/lib/system/libmacho.dylib
0x000000000d914000 	/usr/lib/system/libquarantine.dylib
0x000000000d914000 	/usr/lib/system/libremovefile.dylib
0x000000000d914000 	/usr/lib/system/libsystem_asl.dylib
0x000000000d914000 	/usr/lib/system/libsystem_blocks.dylib
0x000000000d914000 	/usr/lib/system/libsystem_c.dylib
0x000000000d914000 	/usr/lib/system/libsystem_configuration.dylib
0x000000000d914000 	/usr/lib/system/libsystem_coreservices.dylib
0x000000000d914000 	/usr/lib/system/libsystem_coretls.dylib
0x000000000d914000 	/usr/lib/system/libsystem_dnssd.dylib
0x000000000d914000 	/usr/lib/system/libsystem_info.dylib
0x000000000d914000 	/usr/lib/system/libsystem_kernel.dylib
0x000000000d914000 	/usr/lib/system/libsystem_m.dylib
0x000000000d914000 	/usr/lib/system/libsystem_malloc.dylib
0x000000000d914000 	/usr/lib/system/libsystem_network.dylib
0x000000000d914000 	/usr/lib/system/libsystem_networkextension.dylib
0x000000000d914000 	/usr/lib/system/libsystem_notify.dylib
0x000000000d914000 	/usr/lib/system/libsystem_platform.dylib
0x000000000d914000 	/usr/lib/system/libsystem_pthread.dylib
0x000000000d914000 	/usr/lib/system/libsystem_sandbox.dylib
0x000000000d914000 	/usr/lib/system/libsystem_secinit.dylib
0x000000000d914000 	/usr/lib/system/libsystem_stats.dylib
0x000000000d914000 	/usr/lib/system/libsystem_trace.dylib
0x000000000d914000 	/usr/lib/system/libunc.dylib
0x000000000d914000 	/usr/lib/system/libunwind.dylib
0x000000000d914000 	/usr/lib/system/libxpc.dylib
0x000000000d914000 	/usr/lib/libbz2.1.0.dylib
0x000000000d914000 	/usr/lib/liblzma.5.dylib
0x000000000d914000 	/usr/lib/libbsm.0.dylib
0x000000000d914000 	/usr/lib/libsqlite3.dylib
0x000000000d914000 	/usr/lib/system/libkxld.dylib
0x000000000d914000 	/usr/lib/libxar.1.dylib
0x000000000d914000 	/usr/lib/libpam.2.dylib
0x000000000d914000 	/usr/lib/libOpenScriptingUtil.dylib
0x000000000d914000 	/System/Library/Frameworks/CoreServices.framework/Versions/A/Frameworks/FSEvents.framework/Versions/A/FSEvents
0x000000000d914000 	/System/Library/Frameworks/CoreServices.framework/Versions/A/Frameworks/CarbonCore.framework/Versions/A/CarbonCore
0x000000000d914000 	/System/Library/Frameworks/CoreServices.framework/Versions/A/Frameworks/Metadata.framework/Versions/A/Metadata
0x000000000d914000 	/System/Library/Frameworks/CoreServices.framework/Versions/A/Frameworks/OSServices.framework/Versions/A/OSServices
0x000000000d914000 	/System/Library/Frameworks/CoreServices.framework/Versions/A/Frameworks/SearchKit.framework/Versions/A/SearchKit
0x000000000d914000 	/System/Library/Frameworks/CoreServices.framework/Versions/A/Frameworks/AE.framework/Versions/A/AE
0x000000000d914000 	/System/Library/Frameworks/CoreServices.framework/Versions/A/Frameworks/LaunchServices.framework/Versions/A/LaunchServices
0x000000000d914000 	/System/Library/Frameworks/CoreServices.framework/Versions/A/Frameworks/DictionaryServices.framework/Versions/A/DictionaryServices
0x000000000d914000 	/System/Library/Frameworks/NetFS.framework/Versions/A/NetFS
0x000000000d914000 	/System/Library/PrivateFrameworks/NetAuth.framework/Versions/A/NetAuth
0x000000000d914000 	/System/Library/PrivateFrameworks/login.framework/Versions/A/Frameworks/loginsupport.framework/Versions/A/loginsupport
0x000000000d914000 	/System/Library/PrivateFrameworks/TCC.framework/Versions/A/TCC
0x000000000d914000 	/usr/lib/libmecabra.dylib
0x000000000d914000 	/System/Library/Frameworks/ApplicationServices.framework/Versions/A/Frameworks/ATS.framework/Versions/A/ATS
0x000000000d914000 	/System/Library/Frameworks/ApplicationServices.framework/Versions/A/Frameworks/ColorSync.framework/Versions/A/ColorSync
0x000000000d914000 	/System/Library/Frameworks/ApplicationServices.framework/Versions/A/Frameworks/HIServices.framework/Versions/A/HIServices
0x000000000d914000 	/System/Library/Frameworks/ApplicationServices.framework/Versions/A/Frameworks/LangAnalysis.framework/Versions/A/LangAnalysis
0x000000000d914000 	/System/Library/Frameworks/ApplicationServices.framework/Versions/A/Frameworks/PrintCore.framework/Versions/A/PrintCore
0x000000000d914000 	/System/Library/Frameworks/ApplicationServices.framework/Versions/A/Frameworks/QD.framework/Versions/A/QD
0x000000000d914000 	/System/Library/Frameworks/ApplicationServices.framework/Versions/A/Frameworks/SpeechSynthesis.framework/Versions/A/SpeechSynthesis
0x000000000d914000 	/System/Library/Frameworks/Accelerate.framework/Versions/A/Accelerate
0x000000000d914000 	/System/Library/Frameworks/Accelerate.framework/Versions/A/Frameworks/vImage.framework/Versions/A/vImage
0x000000000d914000 	/System/Library/Frameworks/Accelerate.framework/Versions/A/Frameworks/vecLib.framework/Versions/A/vecLib
0x000000000d914000 	/System/Library/Frameworks/Accelerate.framework/Versions/A/Frameworks/vecLib.framework/Versions/A/libvDSP.dylib
0x000000000d914000 	/System/Library/Frameworks/Accelerate.framework/Versions/A/Frameworks/vecLib.framework/Versions/A/libvMisc.dylib
0x000000000d914000 	/System/Library/Frameworks/Accelerate.framework/Versions/A/Frameworks/vecLib.framework/Versions/A/libLAPACK.dylib
0x000000000d914000 	/System/Library/Frameworks/Accelerate.framework/Versions/A/Frameworks/vecLib.framework/Versions/A/libBLAS.dylib
0x000000000d914000 	/System/Library/Frameworks/Accelerate.framework/Versions/A/Frameworks/vecLib.framework/Versions/A/libLinearAlgebra.dylib
0x000000000d914000 	/System/Library/Frameworks/ApplicationServices.framework/Versions/A/Frameworks/ATS.framework/Versions/A/Resources/libFontParser.dylib
0x000000000d914000 	/System/Library/Frameworks/ApplicationServices.framework/Versions/A/Frameworks/ATS.framework/Versions/A/Resources/libFontRegistry.dylib
0x000000000d914000 	/System/Library/PrivateFrameworks/AppleVPA.framework/Versions/A/AppleVPA
0x000000000d914000 	/System/Library/PrivateFrameworks/AppleJPEG.framework/Versions/A/AppleJPEG
0x000000000d914000 	/System/Library/Frameworks/ImageIO.framework/Versions/A/Resources/libJPEG.dylib
0x000000000d914000 	/System/Library/Frameworks/ImageIO.framework/Versions/A/Resources/libTIFF.dylib
0x000000000d914000 	/System/Library/Frameworks/ImageIO.framework/Versions/A/Resources/libPng.dylib
0x000000000d914000 	/System/Library/Frameworks/ImageIO.framework/Versions/A/Resources/libGIF.dylib
0x000000000d914000 	/System/Library/Frameworks/ImageIO.framework/Versions/A/Resources/libJP2.dylib
0x000000000d914000 	/System/Library/Frameworks/ImageIO.framework/Versions/A/Resources/libRadiance.dylib
0x000000000d914000 	/System/Library/Frameworks/CoreVideo.framework/Versions/A/CoreVideo
0x000000000d914000 	/System/Library/Frameworks/OpenGL.framework/Versions/A/Libraries/libGLU.dylib
0x000000000d914000 	/System/Library/Frameworks/OpenGL.framework/Versions/A/Libraries/libGFXShared.dylib
0x000000000d914000 	/System/Library/Frameworks/OpenGL.framework/Versions/A/Libraries/libGL.dylib
0x000000000d914000 	/System/Library/Frameworks/OpenGL.framework/Versions/A/Libraries/libGLImage.dylib
0x000000000d914000 	/System/Library/Frameworks/OpenGL.framework/Versions/A/Libraries/libCVMSPluginSupport.dylib
0x000000000d914000 	/System/Library/Frameworks/OpenGL.framework/Versions/A/Libraries/libCoreVMClient.dylib
0x000000000d914000 	/usr/lib/libcups.2.dylib
0x000000000d914000 	/System/Library/Frameworks/Kerberos.framework/Versions/A/Kerberos
0x000000000d914000 	/System/Library/Frameworks/GSS.framework/Versions/A/GSS
0x000000000d914000 	/usr/lib/libresolv.9.dylib
0x000000000d914000 	/usr/lib/libiconv.2.dylib
0x000000000d914000 	/System/Library/PrivateFrameworks/Heimdal.framework/Versions/A/Heimdal
0x000000000d914000 	/usr/lib/libheimdal-asn1.dylib
0x000000000d914000 	/System/Library/Frameworks/OpenDirectory.framework/Versions/A/OpenDirectory
0x000000000d914000 	/System/Library/PrivateFrameworks/CommonAuth.framework/Versions/A/CommonAuth
0x000000000d914000 	/System/Library/Frameworks/OpenDirectory.framework/Versions/A/Frameworks/CFOpenDirectory.framework/Versions/A/CFOpenDirectory
0x000000000d914000 	/System/Library/Frameworks/SecurityFoundation.framework/Versions/A/SecurityFoundation
0x000000000d914000 	/System/Library/PrivateFrameworks/LanguageModeling.framework/Versions/A/LanguageModeling
0x000000000d914000 	/usr/lib/libcmph.dylib
0x000000000d914000 	/System/Library/Frameworks/ServiceManagement.framework/Versions/A/ServiceManagement
0x000000000d914000 	/usr/lib/libxslt.1.dylib
0x000000000d914000 	/System/Library/Frameworks/Carbon.framework/Versions/A/Frameworks/Ink.framework/Versions/A/Ink
0x000000000d914000 	/System/Library/Frameworks/QuartzCore.framework/Versions/A/Frameworks/CoreImage.framework/Versions/A/CoreImage
0x000000000d914000 	/System/Library/PrivateFrameworks/CrashReporterSupport.framework/Versions/A/CrashReporterSupport
0x000000000d914000 	/System/Library/Frameworks/OpenCL.framework/Versions/A/OpenCL
0x000000000d914000 	/System/Library/PrivateFrameworks/FaceCore.framework/Versions/A/FaceCore
0x000000000d914000 	/System/Library/PrivateFrameworks/Ubiquity.framework/Versions/A/Ubiquity
0x000000000d914000 	/System/Library/PrivateFrameworks/IconServices.framework/Versions/A/IconServices
0x000000000d914000 	/System/Library/PrivateFrameworks/ChunkingLibrary.framework/Versions/A/ChunkingLibrary
0x000000000d914000 	/System/Library/PrivateFrameworks/Apple80211.framework/Versions/A/Apple80211
0x000000000d914000 	/System/Library/Frameworks/CoreWLAN.framework/Versions/A/CoreWLAN
0x000000000d914000 	/System/Library/Frameworks/IOBluetooth.framework/Versions/A/IOBluetooth
0x000000000d914000 	/System/Library/PrivateFrameworks/CoreWiFi.framework/Versions/A/CoreWiFi
0x000000000d914000 	/System/Library/Frameworks/CoreBluetooth.framework/Versions/A/CoreBluetooth
0x000000000d914000 	/System/Library/PrivateFrameworks/DebugSymbols.framework/Versions/A/DebugSymbols
0x000000000d914000 	/System/Library/PrivateFrameworks/CoreSymbolication.framework/Versions/A/CoreSymbolication
0x000000000d914000 	/System/Library/PrivateFrameworks/Symbolication.framework/Versions/A/Symbolication
0x000000000d914000 	/System/Library/PrivateFrameworks/SpeechRecognitionCore.framework/Versions/A/SpeechRecognitionCore
0x0000000107ed5000 	/Library/Java/JavaVirtualMachines/jdk1.8.0_65.jdk/Contents/Home/jre/lib/server/libjvm.dylib
0x000000000d914000 	/usr/lib/libstdc++.6.dylib
0x0000000108f61000 	/Library/Java/JavaVirtualMachines/jdk1.8.0_65.jdk/Contents/Home/jre/lib/libverify.dylib
0x0000000108f6f000 	/Library/Java/JavaVirtualMachines/jdk1.8.0_65.jdk/Contents/Home/jre/lib/libjava.dylib
0x0000000108fc5000 	/Library/Java/JavaVirtualMachines/jdk1.8.0_65.jdk/Contents/Home/jre/lib/libzip.dylib
0x0000000108fe3000 	/System/Library/Frameworks/JavaVM.framework/Frameworks/JavaRuntimeSupport.framework/JavaRuntimeSupport
0x000000011d2fa000 	/System/Library/Frameworks/JavaVM.framework/Versions/A/Frameworks/JavaNativeFoundation.framework/Versions/A/JavaNativeFoundation
0x000000011d30f000 	/System/Library/Frameworks/JavaVM.framework/Versions/A/JavaVM
0x000000000d914000 	/System/Library/Frameworks/Carbon.framework/Versions/A/Carbon
0x000000011d31c000 	/System/Library/PrivateFrameworks/JavaLaunching.framework/Versions/A/JavaLaunching
0x000000000d914000 	/System/Library/Frameworks/Carbon.framework/Versions/A/Frameworks/CommonPanels.framework/Versions/A/CommonPanels
0x000000000d914000 	/System/Library/Frameworks/Carbon.framework/Versions/A/Frameworks/Help.framework/Versions/A/Help
0x000000000d914000 	/System/Library/Frameworks/Carbon.framework/Versions/A/Frameworks/ImageCapture.framework/Versions/A/ImageCapture
0x000000000d914000 	/System/Library/Frameworks/Carbon.framework/Versions/A/Frameworks/OpenScripting.framework/Versions/A/OpenScripting
0x000000000d914000 	/System/Library/Frameworks/Carbon.framework/Versions/A/Frameworks/Print.framework/Versions/A/Print
0x000000000d914000 	/System/Library/Frameworks/Carbon.framework/Versions/A/Frameworks/SecurityHI.framework/Versions/A/SecurityHI
0x000000011f24d000 	/Library/Java/JavaVirtualMachines/jdk1.8.0_65.jdk/Contents/Home/jre/lib/libawt.dylib
0x000000011f2f5000 	/Library/Java/JavaVirtualMachines/jdk1.8.0_65.jdk/Contents/Home/jre/lib/./libmlib_image.dylib
0x000000011f3c1000 	/Library/Java/JavaVirtualMachines/jdk1.8.0_65.jdk/Contents/Home/jre/lib/libawt_lwawt.dylib
0x000000011f476000 	/Library/Java/JavaVirtualMachines/jdk1.8.0_65.jdk/Contents/Home/jre/lib/./libosxapp.dylib
0x000000000d914000 	/System/Library/Frameworks/ExceptionHandling.framework/Versions/A/ExceptionHandling
0x000000000d914000 	/System/Library/PrivateFrameworks/CoreServicesInternal.framework/Versions/A/CoreServicesInternal
0x000000000d914000 	/System/Library/PrivateFrameworks/CloudDocs.framework/Versions/A/CloudDocs
0x000000000d914000 	/System/Library/PrivateFrameworks/CoreDuet.framework/Versions/A/CoreDuet
0x000000000d914000 	/System/Library/Frameworks/CloudKit.framework/Versions/A/CloudKit
0x000000000d914000 	/System/Library/PrivateFrameworks/ProtocolBuffer.framework/Versions/A/ProtocolBuffer
0x000000000d914000 	/System/Library/PrivateFrameworks/CoreDuetDaemonProtocol.framework/Versions/A/CoreDuetDaemonProtocol
0x000000000d914000 	/System/Library/PrivateFrameworks/CoreDuetDebugLogging.framework/Versions/A/CoreDuetDebugLogging
0x000000000d914000 	/System/Library/PrivateFrameworks/MMCS.framework/Versions/A/MMCS
0x000000000d914000 	/System/Library/Frameworks/CoreLocation.framework/Versions/A/CoreLocation
0x000000000d914000 	/System/Library/PrivateFrameworks/ProtectedCloudStorage.framework/Versions/A/ProtectedCloudStorage
0x000000000d914000 	/System/Library/PrivateFrameworks/GeoServices.framework/Versions/A/GeoServices
0x000000000d914000 	/System/Library/Frameworks/CoreGraphics.framework/Versions/A/Resources/libCGCMS.A.dylib
0x000000000d914000 	/System/Library/Frameworks/CoreGraphics.framework/Versions/A/Resources/libRIP.A.dylib
0x000000000d914000 	/System/Library/Frameworks/CoreGraphics.framework/Versions/A/Resources/libCGXType.A.dylib
0x000000000d914000 	/System/Library/Frameworks/OpenCL.framework/Versions/A/Libraries/libcldcpuengine.dylib
0x000000000d914000 	/System/Library/PrivateFrameworks/DiskImages.framework/Versions/A/DiskImages
0x000000000d914000 	/System/Library/Frameworks/DiscRecording.framework/Versions/A/DiscRecording
0x000000000d914000 	/usr/lib/libcsfde.dylib
0x000000000d914000 	/usr/lib/libcurl.4.dylib
0x000000000d914000 	/System/Library/PrivateFrameworks/MediaKit.framework/Versions/A/MediaKit
0x000000000d914000 	/usr/lib/libCoreStorage.dylib
0x000000000d914000 	/System/Library/PrivateFrameworks/EFILogin.framework/Versions/A/EFILogin
0x000000000d914000 	/usr/lib/libutil.dylib
0x000000000d914000 	/System/Library/PrivateFrameworks/FindMyDevice.framework/Versions/A/FindMyDevice
0x000000000d914000 	/System/Library/Frameworks/LDAP.framework/Versions/A/LDAP
0x000000000d914000 	/usr/lib/libsasl2.2.dylib
0x000000000d914000 	/System/Library/PrivateFrameworks/CoreDaemon.framework/Versions/B/CoreDaemon
0x000000000d914000 	/usr/lib/libcrypto.0.9.8.dylib
0x000000000d914000 	/System/Library/PrivateFrameworks/AppleSRP.framework/Versions/A/AppleSRP
0x000000000d914000 	/System/Library/PrivateFrameworks/TrustEvaluationAgent.framework/Versions/A/TrustEvaluationAgent
0x0000000122143000 	cl_kernels
0x0000000122145000 	/System/Library/Frameworks/OpenCL.framework/Versions/A/Libraries/ImageFormats/unorm8_bgra.dylib
0x0000000122134000 	cl_kernels
0x000000000d914000 	/System/Library/PrivateFrameworks/FamilyControls.framework/Versions/A/FamilyControls
0x000000000d914000 	/System/Library/PrivateFrameworks/CommerceKit.framework/Versions/A/Frameworks/CommerceCore.framework/Versions/A/CommerceCore
0x000000000d914000 	/System/Library/PrivateFrameworks/SystemAdministration.framework/Versions/A/SystemAdministration
0x000000000d914000 	/System/Library/PrivateFrameworks/AppContainer.framework/Versions/A/AppContainer
0x000000000d914000 	/System/Library/PrivateFrameworks/SecCodeWrapper.framework/Versions/A/SecCodeWrapper
0x000000000d914000 	/System/Library/Frameworks/DirectoryService.framework/Versions/A/DirectoryService
0x000000000d914000 	/System/Library/PrivateFrameworks/LoginUIKit.framework/Versions/A/Frameworks/LoginUICore.framework/Versions/A/LoginUICore
0x000000000d914000 	/usr/lib/libodfde.dylib
0x000000000d914000 	/System/Library/Frameworks/OpenGL.framework/Versions/A/Resources/GLEngine.bundle/GLEngine
0x000000000d914000 	/System/Library/Frameworks/OpenGL.framework/Versions/A/Libraries/libGLProgrammability.dylib
0x0000000123445000 	/System/Library/Extensions/AppleIntelBDWGraphicsGLDriver.bundle/Contents/MacOS/AppleIntelBDWGraphicsGLDriver
0x000000000d914000 	/System/Library/PrivateFrameworks/IOAccelerator.framework/Versions/A/IOAccelerator
0x000000000d914000 	/System/Library/PrivateFrameworks/GPUSupport.framework/Versions/A/Libraries/libGPUSupportMercury.dylib
0x000000000d914000 	/System/Library/Frameworks/OpenGL.framework/Versions/A/Resources/GLRendererFloat.bundle/GLRendererFloat
0x0000000124459000 	/Library/Java/JavaVirtualMachines/jdk1.8.0_65.jdk/Contents/Home/jre/lib/libfontmanager.dylib
0x000000012563c000 	/Library/Java/JavaVirtualMachines/jdk1.8.0_65.jdk/Contents/Home/jre/lib/libosxui.dylib
0x00000001258ca000 	/Library/Java/JavaVirtualMachines/jdk1.8.0_65.jdk/Contents/Home/jre/lib/libnet.dylib
0x0000000125686000 	/Library/Java/JavaVirtualMachines/jdk1.8.0_65.jdk/Contents/Home/jre/lib/libnio.dylib
0x000000000d914000 	/System/Library/Frameworks/ApplicationServices.framework/Versions/A/Frameworks/ATS.framework/Versions/A/Resources/libTrueTypeScaler.dylib
0x0000000170e78000 	/private/var/folders/33/xjzsj90x7bq7f8hjssg9rbfh0000gn/T/jogamp_0000/file_cache/jln6908902611903397837/jln8569470177831299357/libgluegen-rt.jnilib
0x0000000170e7c000 	/private/var/folders/33/xjzsj90x7bq7f8hjssg9rbfh0000gn/T/jogamp_0000/file_cache/jln6908902611903397837/jln8569470177831299357/libnativewindow_awt.jnilib
0x0000000170e7f000 	/Library/Java/JavaVirtualMachines/jdk1.8.0_65.jdk/Contents/Home/jre/lib/libjawt.dylib
0x0000000170eb8000 	/private/var/folders/33/xjzsj90x7bq7f8hjssg9rbfh0000gn/T/jogamp_0000/file_cache/jln6908902611903397837/jln8569470177831299357/libnativewindow_macosx.jnilib
0x0000000172da3000 	/private/var/folders/33/xjzsj90x7bq7f8hjssg9rbfh0000gn/T/jogamp_0000/file_cache/jln6908902611903397837/jln8569470177831299357/libjogl_desktop.jnilib
0x00000001748dc000 	/Library/Java/JavaVirtualMachines/jdk1.8.0_65.jdk/Contents/Home/jre/lib/libsunec.dylib
0x0000000174e8e000 	/Library/Java/JavaVirtualMachines/jdk1.8.0_65.jdk/Contents/Home/jre/lib/libt2k.dylib

VM Arguments:
jvm_args: -Djava.security.policy=java.policy.applet -Dfile.encoding=UTF-8 
java_command: sun.applet.AppletViewer module6.EarthquakeCityMap1456110376906.html
java_class_path (initial): /Users/jayburlage/Documents/workspace/UCSDUnfoldingMaps/build:/Users/jayburlage/Documents/workspace/UCSDUnfoldingMaps/lib/core.jar:/Users/jayburlage/Documents/workspace/UCSDUnfoldingMaps/lib/gluegen-rt.jar:/Users/jayburlage/Documents/workspace/UCSDUnfoldingMaps/lib/jogl-all.jar:/Users/jayburlage/Documents/workspace/UCSDUnfoldingMaps/lib/log4j-1.2.15.jar:/Users/jayburlage/Documents/workspace/UCSDUnfoldingMaps/lib/sqlite-jdbc-3.7.2.jar:/Users/jayburlage/Documents/workspace/UCSDUnfoldingMaps/lib/json4processing.jar:/Users/jayburlage/Documents/workspace/UCSDUnfoldingMaps/lib/libTUIO.jar:/Users/jayburlage/Documents/workspace/UCSDUnfoldingMaps/lib/unfolding.0.9.7-uscd.jar:/Users/jayburlage/Documents/workspace/UCSDUnfoldingMaps/lib/httpclient-4.5.1.jar:/Users/jayburlage/Documents/workspace/UCSDUnfoldingMaps/lib/httpclient-cache-4.5.1.jar:/Users/jayburlage/Documents/workspace/UCSDUnfoldingMaps/lib/httpclient-win-4.5.1.jar:/Users/jayburlage/Documents/workspace/UCSDUnfoldingMaps/lib/httpcore-4.4.3.jar:/Users/jayburlage/Documents/workspace/UCSDUnfoldingMaps/lib/httpmime-4.5.1.jar:/Users/jayburlage/Documents/workspace/UCSDUnfoldingMaps/lib/commons-codec-1.9.jar:/Users/jayburlage/Documents/workspace/UCSDUnfoldingMaps/lib/commons-logging-1.2-javadoc.jar:/Users/jayburlage/Documents/workspace/UCSDUnfoldingMaps/lib/commons-logging-1.2.jar:/Users/jayburlage/Documents/workspace/UCSDUnfoldingMaps/lib/json-simple-1.1.1.jar
Launcher Type: SUN_STANDARD

Environment Variables:
PATH=/usr/bin:/bin:/usr/sbin:/sbin
SHELL=/bin/bash

Signal Handlers:
SIGSEGV: [libjvm.dylib+0x5a6d31], sa_mask[0]=11111111011111110111111111111111, sa_flags=SA_ONSTACK|SA_RESTART|SA_SIGINFO
SIGBUS: [libjvm.dylib+0x5a6d31], sa_mask[0]=11111111011111110111111111111111, sa_flags=SA_RESTART|SA_SIGINFO
SIGFPE: [libjvm.dylib+0x480a40], sa_mask[0]=11111111011111110111111111111111, sa_flags=SA_RESTART|SA_SIGINFO
SIGPIPE: [libjvm.dylib+0x480a40], sa_mask[0]=11111111011111110111111111111111, sa_flags=SA_RESTART|SA_SIGINFO
SIGXFSZ: [libjvm.dylib+0x480a40], sa_mask[0]=11111111011111110111111111111111, sa_flags=SA_RESTART|SA_SIGINFO
SIGILL: [libjvm.dylib+0x480a40], sa_mask[0]=11111111011111110111111111111111, sa_flags=SA_RESTART|SA_SIGINFO
SIGUSR1: SIG_DFL, sa_mask[0]=00000000000000000000000000000000, sa_flags=none
SIGUSR2: [libjvm.dylib+0x48055e], sa_mask[0]=00100000000000000000000000000000, sa_flags=SA_RESTART|SA_SIGINFO
SIGHUP: [libjvm.dylib+0x47eb35], sa_mask[0]=11111111011111110111111111111111, sa_flags=SA_RESTART|SA_SIGINFO
SIGINT: [libjvm.dylib+0x47eb35], sa_mask[0]=11111111011111110111111111111111, sa_flags=SA_RESTART|SA_SIGINFO
SIGTERM: [libjvm.dylib+0x47eb35], sa_mask[0]=11111111011111110111111111111111, sa_flags=SA_RESTART|SA_SIGINFO
SIGQUIT: [libjvm.dylib+0x47eb35], sa_mask[0]=11111111011111110111111111111111, sa_flags=SA_RESTART|SA_SIGINFO


---------------  S Y S T E M  ---------------

OS:Bsduname:Darwin 14.5.0 Darwin Kernel Version 14.5.0: Wed Jul 29 02:26:53 PDT 2015; root:xnu-2782.40.9~1/RELEASE_X86_64 x86_64
rlimit: STACK 8192k, CORE 0k, NPROC 709, NOFILE 10240, AS infinity
load average:1.95 1.81 1.94

CPU:total 4 (2 cores per cpu, 2 threads per core) family 6 model 61 stepping 4, cmov, cx8, fxsr, mmx, sse, sse2, sse3, ssse3, sse4.1, sse4.2, popcnt, avx, avx2, aes, clmul, erms, 3dnowpref, lzcnt, ht, tsc, tscinvbit, bmi1, bmi2, adx

Memory: 4k page, physical 4194304k(287016k free)

/proc/meminfo:


vm_info: Java HotSpot(TM) 64-Bit Server VM (25.65-b01) for bsd-amd64 JRE (1.8.0_65-b17), built on Oct  6 2015 15:36:46 by "java_re" with gcc 4.2.1 (Based on Apple Inc. build 5658) (LLVM build 2336.11.00)

time: Sun Feb 21 22:06:44 2016
elapsed time: 27 seconds (0d 0h 0m 27s)

